2024-08-29 17:27:01 - Logger - INFO - 成功
2024-08-29 17:27:03 - Logger - INFO - 成功
2024-08-29 17:27:05 - Logger - INFO - 成功
2024-08-29 17:27:07 - Logger - INFO - 成功
2024-08-29 17:27:09 - Logger - INFO - 成功
2024-08-29 17:27:11 - Logger - INFO - 成功
2024-08-29 17:27:13 - Logger - INFO - 成功
2024-08-29 17:27:16 - Logger - INFO - 成功
2024-08-29 17:27:17 - Logger - INFO - 成功
2024-08-29 17:27:19 - Logger - INFO - 成功
2024-08-29 17:30:16 - Logger - INFO - 成功
2024-08-29 17:30:18 - Logger - INFO - 成功
2024-08-29 17:30:19 - Logger - INFO - 成功
2024-08-29 17:30:21 - Logger - INFO - 成功
2024-08-29 17:30:22 - Logger - INFO - 成功
2024-08-29 17:30:24 - Logger - INFO - 成功
2024-08-29 17:30:25 - Logger - INFO - 成功
2024-08-29 17:30:27 - Logger - INFO - 成功
2024-08-29 17:30:28 - Logger - INFO - 成功
2024-08-29 17:30:30 - Logger - INFO - 成功
2024-08-29 17:30:31 - Logger - INFO - 成功
2024-08-29 17:30:33 - Logger - INFO - 成功
2024-08-29 17:30:34 - Logger - INFO - 成功
2024-08-29 17:30:36 - Logger - INFO - 成功
2024-08-29 17:30:37 - Logger - INFO - 成功
2024-08-29 17:30:39 - Logger - INFO - 成功
2024-08-29 17:30:40 - Logger - INFO - 成功
2024-08-29 17:30:42 - Logger - INFO - 成功
2024-08-29 17:30:43 - Logger - INFO - 成功
2024-08-29 17:30:45 - Logger - INFO - 成功
2024-08-29 17:30:46 - Logger - INFO - 成功
2024-08-29 17:30:48 - Logger - INFO - 成功
2024-08-29 17:30:49 - Logger - INFO - 成功
2024-08-29 17:30:51 - Logger - INFO - 成功
2024-08-29 17:30:53 - Logger - INFO - 成功
2024-08-29 17:30:54 - Logger - INFO - 成功
2024-08-29 17:30:56 - Logger - INFO - 成功
2024-08-29 17:30:57 - Logger - INFO - 成功
2024-08-29 17:30:59 - Logger - INFO - 成功
2024-08-29 17:31:00 - Logger - INFO - 成功
2024-08-29 17:31:02 - Logger - INFO - 成功
2024-08-29 17:31:03 - Logger - INFO - 成功
2024-08-29 17:31:05 - Logger - INFO - 成功
2024-08-29 17:31:06 - Logger - INFO - 成功
2024-08-29 17:31:08 - Logger - INFO - 成功
2024-08-29 17:31:09 - Logger - INFO - 成功
2024-08-29 17:31:11 - Logger - INFO - 成功
2024-08-29 17:31:12 - Logger - INFO - 成功
2024-08-29 17:31:14 - Logger - INFO - 成功
2024-08-29 17:31:16 - Logger - INFO - 成功
2024-08-29 17:31:17 - Logger - INFO - 成功
2024-08-29 17:31:19 - Logger - INFO - 成功
2024-08-29 17:31:20 - Logger - INFO - 成功
2024-08-29 17:31:22 - Logger - INFO - 成功
2024-08-29 17:31:23 - Logger - INFO - 成功
2024-08-29 17:31:25 - Logger - INFO - 成功
2024-08-29 17:31:26 - Logger - INFO - 成功
2024-08-29 17:31:28 - Logger - INFO - 成功
2024-08-29 17:31:29 - Logger - INFO - 成功
2024-08-29 17:31:31 - Logger - INFO - 成功
2024-08-29 17:31:32 - Logger - INFO - 成功
2024-08-29 17:31:34 - Logger - INFO - 成功
2024-08-29 17:31:35 - Logger - INFO - 成功
2024-08-31 08:51:41 - Logger - INFO - 校验失败
2024-08-31 08:51:43 - Logger - INFO - 校验失败
2024-08-31 08:51:45 - Logger - INFO - 校验失败
2024-08-31 08:51:46 - Logger - INFO - 校验失败
2024-08-31 08:51:47 - Logger - INFO - 校验失败
2024-08-31 08:51:49 - Logger - INFO - 校验失败
2024-08-31 08:51:50 - Logger - INFO - 校验失败
2024-08-31 08:51:52 - Logger - INFO - 校验失败
2024-08-31 09:00:34 - Logger - INFO - 校验失败
2024-08-31 09:00:36 - Logger - INFO - 校验失败
2024-08-31 09:00:39 - Logger - INFO - 校验成功
2024-08-31 09:00:41 - Logger - INFO - 校验失败
2024-08-31 09:00:43 - Logger - INFO - 校验失败
2024-08-31 09:00:45 - Logger - INFO - 校验成功
2024-08-31 09:00:47 - Logger - INFO - 校验成功
2024-08-31 09:00:50 - Logger - INFO - 校验失败
2024-08-31 09:00:52 - Logger - INFO - 校验失败
2024-08-31 09:00:54 - Logger - INFO - 校验失败
2024-08-31 09:00:56 - Logger - INFO - 校验失败
2024-08-31 09:00:59 - Logger - INFO - 校验成功
2024-08-31 09:01:01 - Logger - INFO - 校验失败
2024-08-31 09:01:03 - Logger - INFO - 校验失败
2024-08-31 09:01:06 - Logger - INFO - 校验成功
2024-08-31 09:01:08 - Logger - INFO - 校验失败
2024-11-27 09:55:54 - Logger - INFO - 校验失败
2024-11-27 09:55:56 - Logger - INFO - 校验成功
2024-11-27 09:55:58 - Logger - INFO - 校验失败
2024-11-27 09:56:00 - Logger - INFO - 校验失败
2024-11-27 09:56:02 - Logger - INFO - 校验失败
2024-11-27 09:56:04 - Logger - INFO - 校验失败
2024-11-27 09:56:05 - Logger - INFO - 校验成功
2024-11-27 09:56:07 - Logger - INFO - 校验失败
2024-11-27 09:56:09 - Logger - INFO - 校验失败
2024-11-27 09:56:11 - Logger - INFO - 校验成功
2024-11-27 09:56:13 - Logger - INFO - 校验成功
2024-11-27 09:56:15 - Logger - INFO - 校验失败
2024-11-27 09:56:16 - Logger - INFO - 校验成功
2024-11-27 09:56:18 - Logger - INFO - 校验失败
2024-11-27 09:56:20 - Logger - INFO - 校验失败
2024-11-27 09:56:33 - Logger - INFO - 校验失败
2024-11-27 09:56:35 - Logger - INFO - 校验成功
2024-11-27 09:56:37 - Logger - INFO - 校验失败
2024-11-27 09:56:38 - Logger - INFO - 校验成功
2024-11-27 09:56:40 - Logger - INFO - 校验成功
2024-11-27 09:56:42 - Logger - INFO - 校验成功
2024-11-27 09:56:44 - Logger - INFO - 校验失败
2024-11-27 09:56:46 - Logger - INFO - 校验成功
2024-11-27 09:56:47 - Logger - INFO - 校验失败
2024-11-27 09:56:49 - Logger - INFO - 校验失败
2024-11-27 10:02:37 - Logger - INFO - 校验失败
2024-11-27 10:02:39 - Logger - INFO - 校验失败
2024-11-27 10:02:41 - Logger - INFO - 校验失败
2024-11-27 10:02:43 - Logger - INFO - 校验失败
2024-11-27 10:02:44 - Logger - INFO - 校验失败
2024-11-27 10:02:46 - Logger - INFO - 校验成功
2024-11-27 10:02:48 - Logger - INFO - 校验失败
2024-11-27 10:02:50 - Logger - INFO - 校验失败
2024-11-27 10:02:52 - Logger - INFO - 校验失败
2024-11-27 10:02:54 - Logger - INFO - 校验失败
2024-11-27 10:07:10 - Logger - INFO - 校验失败
2024-11-27 10:07:33 - Logger - INFO - 校验成功
2024-11-27 10:07:39 - Logger - INFO - 校验失败
2024-11-27 10:07:47 - Logger - INFO - 校验失败
2024-11-27 10:08:11 - Logger - INFO - 校验失败
2024-11-27 10:08:17 - Logger - INFO - 校验成功
2024-11-27 10:08:24 - Logger - INFO - 校验成功
2024-11-27 10:08:28 - Logger - INFO - 校验失败
2024-11-27 10:08:33 - Logger - INFO - 校验成功
2024-11-27 10:08:38 - Logger - INFO - 校验失败
2024-11-27 10:08:44 - Logger - INFO - 校验失败
2024-11-27 10:16:34 - Logger - INFO - 校验失败
2024-11-27 10:21:08 - Logger - INFO - 校验失败
2024-11-27 11:15:29 - Logger - INFO - 校验失败
2024-11-27 11:44:14 - Logger - INFO - 校验失败
2024-11-27 11:45:17 - Logger - INFO - 校验成功
2024-11-27 11:47:32 - Logger - INFO - 校验成功
2024-11-27 11:48:05 - Logger - INFO - 校验失败
2024-11-27 11:49:20 - Logger - INFO - 校验失败
2024-11-27 14:18:27 - Logger - INFO - 校验失败
2024-11-27 14:26:59 - Logger - INFO - 校验失败
2024-11-27 14:28:51 - Logger - INFO - 校验失败
2024-11-27 14:28:56 - Logger - INFO - 校验失败
2024-11-27 14:45:08 - Logger - INFO - 校验失败
2024-11-27 14:46:16 - Logger - INFO - 校验失败
2024-11-27 15:02:08 - Logger - INFO - 校验失败
2024-11-27 15:02:49 - Logger - INFO - 校验失败
2024-11-27 15:16:47 - Logger - INFO - 校验失败
2024-11-27 15:17:32 - Logger - INFO - 校验失败
2024-11-27 15:17:51 - Logger - INFO - 校验失败
2024-11-27 15:18:04 - Logger - INFO - 校验失败
2024-11-27 15:34:44 - Logger - INFO - 校验成功
2024-11-27 15:34:56 - Logger - INFO - 校验成功
2024-11-27 15:35:04 - Logger - INFO - 校验失败
2024-11-27 15:35:15 - Logger - INFO - 校验失败
2024-11-27 16:11:47 - Logger - INFO - 校验失败
2024-11-27 16:11:54 - Logger - INFO - 校验失败
2024-11-27 16:11:58 - Logger - INFO - 校验失败
2024-11-27 16:12:02 - Logger - INFO - 校验失败
2024-11-27 16:12:05 - Logger - INFO - 校验失败
2024-11-27 16:12:08 - Logger - INFO - 校验失败
2024-11-27 16:12:11 - Logger - INFO - 校验失败
2024-11-27 16:12:14 - Logger - INFO - 校验失败
2024-11-27 16:12:19 - Logger - INFO - 校验失败
2024-11-27 16:16:22 - Logger - INFO - 校验成功
2024-11-27 16:16:31 - Logger - INFO - 校验失败
2024-11-27 16:16:33 - Logger - INFO - 校验失败
2024-11-27 16:16:34 - Logger - INFO - 校验失败
2024-11-27 16:16:36 - Logger - INFO - 校验失败
2024-11-27 16:16:37 - Logger - INFO - 校验失败
2024-11-27 16:16:39 - Logger - INFO - 校验失败
2024-11-27 16:16:40 - Logger - INFO - 校验失败
2024-11-27 16:16:42 - Logger - INFO - 校验失败
2024-11-27 16:16:43 - Logger - INFO - 校验成功
2024-11-27 16:16:45 - Logger - INFO - 校验失败
2024-11-27 16:17:05 - Logger - INFO - 校验失败
2024-11-27 16:17:08 - Logger - INFO - 校验失败
2024-11-27 16:17:12 - Logger - INFO - 校验失败
2024-11-27 16:17:15 - Logger - INFO - 校验失败
2024-11-27 16:17:19 - Logger - INFO - 校验失败
2024-11-27 16:20:14 - Logger - INFO - 校验成功
2024-11-27 16:20:20 - Logger - INFO - 校验失败
2024-11-27 16:21:34 - Logger - INFO - 校验失败
2024-11-27 16:21:37 - Logger - INFO - 校验失败
2024-11-27 16:23:24 - Logger - INFO - 校验成功
2024-11-27 16:23:28 - Logger - INFO - 校验失败
2024-11-27 16:23:32 - Logger - INFO - 校验失败
2024-11-27 16:23:42 - Logger - INFO - 校验成功
2024-11-27 16:23:43 - Logger - INFO - 校验失败
2024-11-27 16:23:45 - Logger - INFO - 校验成功
2024-11-27 16:23:46 - Logger - INFO - 校验失败
2024-11-27 16:23:48 - Logger - INFO - 校验失败
2024-11-27 16:23:49 - Logger - INFO - 校验失败
2024-11-27 16:23:51 - Logger - INFO - 校验成功
2024-11-27 16:23:52 - Logger - INFO - 校验失败
2024-11-27 16:23:54 - Logger - INFO - 校验失败
2024-11-27 16:23:55 - Logger - INFO - 校验成功
2024-11-27 16:24:40 - Logger - INFO - 校验成功
2024-11-27 16:24:42 - Logger - INFO - 校验成功
2024-11-27 16:24:43 - Logger - INFO - 校验失败
2024-11-27 16:24:45 - Logger - INFO - 校验失败
2024-11-27 16:24:46 - Logger - INFO - 校验成功
2024-11-27 16:24:48 - Logger - INFO - 校验失败
2024-11-27 16:24:49 - Logger - INFO - 校验成功
2024-11-27 16:24:51 - Logger - INFO - 校验成功
2024-11-27 16:24:52 - Logger - INFO - 校验失败
2024-11-27 16:24:54 - Logger - INFO - 校验失败
2024-11-27 16:25:38 - Logger - INFO - 校验成功
2024-11-27 16:25:39 - Logger - INFO - 校验失败
2024-11-27 16:25:41 - Logger - INFO - 校验成功
2024-11-27 16:25:42 - Logger - INFO - 校验失败
2024-11-27 16:25:44 - Logger - INFO - 校验失败
2024-11-27 16:25:45 - Logger - INFO - 校验成功
2024-11-27 16:25:47 - Logger - INFO - 校验失败
2024-11-27 16:25:48 - Logger - INFO - 校验失败
2024-11-27 16:25:50 - Logger - INFO - 校验失败
2024-11-27 16:25:51 - Logger - INFO - 校验失败
2024-11-27 16:25:53 - Logger - INFO - 校验成功
2024-11-27 16:25:54 - Logger - INFO - 校验失败
2024-11-27 16:25:56 - Logger - INFO - 校验失败
2024-11-27 16:25:57 - Logger - INFO - 校验失败
2024-11-27 16:25:59 - Logger - INFO - 校验失败
2024-11-27 16:26:00 - Logger - INFO - 校验成功
2024-11-27 16:26:02 - Logger - INFO - 校验成功
2024-11-27 16:26:03 - Logger - INFO - 校验失败
2024-11-27 16:26:05 - Logger - INFO - 校验失败
2024-11-27 16:26:06 - Logger - INFO - 校验成功
2024-11-27 16:26:08 - Logger - INFO - 校验失败
2024-11-27 16:26:09 - Logger - INFO - 校验成功
2024-11-27 16:26:11 - Logger - INFO - 校验失败
2024-11-27 16:26:12 - Logger - INFO - 校验失败
2024-11-27 16:26:14 - Logger - INFO - 校验失败
2024-11-27 16:26:15 - Logger - INFO - 校验失败
2024-11-27 16:26:16 - Logger - INFO - 校验失败
2024-11-27 16:26:18 - Logger - INFO - 校验失败
2024-11-27 16:26:19 - Logger - INFO - 校验失败
2024-11-27 16:26:21 - Logger - INFO - 校验失败
2024-11-27 16:26:22 - Logger - INFO - 校验失败
2024-11-27 16:26:24 - Logger - INFO - 校验失败
2024-11-27 16:26:25 - Logger - INFO - 校验失败
2024-11-27 16:26:27 - Logger - INFO - 校验成功
2024-11-27 16:26:28 - Logger - INFO - 校验成功
2024-11-27 16:26:30 - Logger - INFO - 校验失败
2024-11-27 16:26:31 - Logger - INFO - 校验失败
2024-11-27 16:26:33 - Logger - INFO - 校验失败
2024-11-27 16:26:34 - Logger - INFO - 校验失败
2024-11-27 16:26:36 - Logger - INFO - 校验失败
2024-11-27 16:26:37 - Logger - INFO - 校验失败
2024-11-27 16:26:39 - Logger - INFO - 校验失败
2024-11-27 16:26:41 - Logger - INFO - 校验失败
2024-11-27 16:26:42 - Logger - INFO - 校验成功
2024-11-27 16:26:44 - Logger - INFO - 校验失败
2024-11-27 16:26:45 - Logger - INFO - 校验失败
2024-11-27 16:26:47 - Logger - INFO - 校验失败
2024-11-27 16:26:48 - Logger - INFO - 校验成功
2024-11-28 11:25:38 - Logger - INFO - 校验失败
2024-11-28 11:25:40 - Logger - INFO - 校验成功
2024-11-28 11:25:42 - Logger - INFO - 校验成功
2024-11-28 11:25:43 - Logger - INFO - 校验失败
2024-11-28 11:25:45 - Logger - INFO - 校验成功
2024-11-28 11:25:47 - Logger - INFO - 校验失败
2024-11-28 11:25:49 - Logger - INFO - 校验失败
2024-11-28 11:25:51 - Logger - INFO - 校验失败
2024-11-28 11:25:53 - Logger - INFO - 校验成功
2024-11-28 11:25:55 - Logger - INFO - 校验成功
2024-11-28 11:25:57 - Logger - INFO - 校验成功
2024-11-28 11:25:59 - Logger - INFO - 校验成功
2024-11-28 11:26:01 - Logger - INFO - 校验成功
2024-11-28 11:26:03 - Logger - INFO - 校验成功
2024-11-28 11:26:05 - Logger - INFO - 校验失败
2024-11-28 11:26:07 - Logger - INFO - 校验失败
2024-11-28 11:26:08 - Logger - INFO - 校验失败
2024-11-28 11:26:10 - Logger - INFO - 校验失败
2024-11-28 11:26:12 - Logger - INFO - 校验失败
2024-11-28 11:26:14 - Logger - INFO - 校验成功
2024-11-28 11:26:16 - Logger - INFO - 校验成功
2024-11-28 11:26:18 - Logger - INFO - 校验成功
2024-11-28 11:26:20 - Logger - INFO - 校验失败
2024-11-28 11:26:22 - Logger - INFO - 校验失败
2024-11-28 11:26:24 - Logger - INFO - 校验失败
2024-11-28 11:26:25 - Logger - INFO - 校验成功
2024-11-28 11:26:27 - Logger - INFO - 校验成功
2024-11-28 11:26:29 - Logger - INFO - 校验成功
2024-11-28 11:26:31 - Logger - INFO - 校验失败
2024-11-28 11:26:33 - Logger - INFO - 校验成功
2024-11-28 11:26:35 - Logger - INFO - 校验成功
2024-11-28 11:26:37 - Logger - INFO - 校验成功
2024-11-28 11:26:39 - Logger - INFO - 校验成功
2024-11-28 11:26:41 - Logger - INFO - 校验失败
2024-11-28 11:26:43 - Logger - INFO - 校验成功
2024-11-28 11:26:44 - Logger - INFO - 校验失败
2024-11-28 11:26:46 - Logger - INFO - 校验成功
2024-11-28 11:26:48 - Logger - INFO - 校验成功
2024-11-28 11:26:50 - Logger - INFO - 校验成功
2024-11-28 11:26:52 - Logger - INFO - 校验成功
2024-11-28 11:26:54 - Logger - INFO - 校验失败
2024-11-28 11:26:56 - Logger - INFO - 校验失败
2024-11-28 11:26:57 - Logger - INFO - 校验成功
2024-11-28 11:26:59 - Logger - INFO - 校验成功
2024-11-28 11:27:01 - Logger - INFO - 校验失败
2024-11-28 11:27:03 - Logger - INFO - 校验失败
2024-11-28 11:27:05 - Logger - INFO - 校验失败
2024-11-28 11:27:07 - Logger - INFO - 校验成功
2024-11-28 11:27:09 - Logger - INFO - 校验失败
2024-11-28 11:27:11 - Logger - INFO - 校验成功
2024-11-28 11:27:13 - Logger - INFO - 校验成功
2024-11-28 11:27:15 - Logger - INFO - 校验失败
2024-11-28 11:27:17 - Logger - INFO - 校验成功
2024-11-28 11:27:19 - Logger - INFO - 校验成功
2024-11-28 11:27:20 - Logger - INFO - 校验失败
2024-11-28 11:27:23 - Logger - INFO - 校验成功
2024-11-28 11:27:25 - Logger - INFO - 校验失败
2024-11-28 11:27:26 - Logger - INFO - 校验成功
2024-11-28 11:27:29 - Logger - INFO - 校验成功
2024-11-28 11:27:30 - Logger - INFO - 校验成功
2024-11-28 11:27:32 - Logger - INFO - 校验失败
2024-11-28 11:27:34 - Logger - INFO - 校验失败
2024-11-28 11:27:36 - Logger - INFO - 校验失败
2024-11-28 11:27:38 - Logger - INFO - 校验失败
2024-11-28 11:27:40 - Logger - INFO - 校验失败
2024-11-28 11:27:42 - Logger - INFO - 校验成功
2024-11-28 11:27:44 - Logger - INFO - 校验失败
2024-11-28 11:27:46 - Logger - INFO - 校验失败
2024-11-28 11:27:48 - Logger - INFO - 校验失败
2024-11-28 11:27:49 - Logger - INFO - 校验失败
2024-11-28 11:27:51 - Logger - INFO - 校验成功
2024-11-28 11:27:53 - Logger - INFO - 校验成功
2024-11-28 11:27:55 - Logger - INFO - 校验失败
2024-11-28 11:27:57 - Logger - INFO - 校验失败
2024-11-28 11:27:59 - Logger - INFO - 校验成功
2024-11-28 11:28:01 - Logger - INFO - 校验失败
2024-11-28 11:28:03 - Logger - INFO - 校验成功
2024-11-28 11:28:05 - Logger - INFO - 校验成功
2024-11-28 11:28:07 - Logger - INFO - 校验失败
2024-11-28 11:28:09 - Logger - INFO - 校验成功
2024-11-28 11:28:11 - Logger - INFO - 校验失败
2024-11-28 11:28:13 - Logger - INFO - 校验成功
2024-11-28 11:28:15 - Logger - INFO - 校验失败
2024-11-28 11:28:17 - Logger - INFO - 校验成功
2024-11-28 11:28:19 - Logger - INFO - 校验失败
2024-11-28 11:28:21 - Logger - INFO - 校验成功
2024-11-28 11:28:23 - Logger - INFO - 校验失败
2024-11-28 11:28:25 - Logger - INFO - 校验失败
2024-11-28 11:28:26 - Logger - INFO - 校验成功
2024-11-28 11:28:28 - Logger - INFO - 校验成功
2024-11-28 11:28:30 - Logger - INFO - 校验失败
2024-11-28 11:28:32 - Logger - INFO - 校验失败
2024-11-28 11:28:34 - Logger - INFO - 校验成功
2024-11-28 11:28:36 - Logger - INFO - 校验失败
2024-11-28 11:28:38 - Logger - INFO - 校验成功
2024-11-28 11:28:39 - Logger - INFO - 校验成功
2024-11-28 11:28:41 - Logger - INFO - 校验成功
2024-11-28 11:28:43 - Logger - INFO - 校验失败
2024-11-28 11:28:45 - Logger - INFO - 校验失败
2024-11-28 11:28:47 - Logger - INFO - 校验失败
2024-11-28 11:31:01 - Logger - INFO - 2/100 - 校验失败
2024-11-28 11:31:03 - Logger - INFO - 3/100 - 校验失败
2024-11-28 11:31:05 - Logger - INFO - 4/100 - 校验失败
2024-11-28 11:31:07 - Logger - INFO - 5/100 - 校验成功
2024-11-28 11:31:08 - Logger - INFO - 6/100 - 校验失败
2024-11-28 11:31:10 - Logger - INFO - 7/100 - 校验失败
2024-11-28 11:31:12 - Logger - INFO - 8/100 - 校验失败
2024-11-28 11:31:14 - Logger - INFO - 9/100 - 校验失败
2024-11-28 11:31:16 - Logger - INFO - 10/100 - 校验成功
2024-11-28 11:31:18 - Logger - INFO - 11/100 - 校验成功
2024-11-28 11:31:20 - Logger - INFO - 12/100 - 校验成功
2024-11-28 11:31:22 - Logger - INFO - 13/100 - 校验失败
2024-11-28 11:31:23 - Logger - INFO - 14/100 - 校验失败
2024-11-28 11:31:26 - Logger - INFO - 15/100 - 校验失败
2024-11-28 11:31:27 - Logger - INFO - 16/100 - 校验成功
2024-11-28 11:31:29 - Logger - INFO - 17/100 - 校验失败
2024-11-28 11:31:31 - Logger - INFO - 18/100 - 校验成功
2024-11-28 11:31:33 - Logger - INFO - 19/100 - 校验失败
2024-11-28 11:31:35 - Logger - INFO - 20/100 - 校验成功
2024-11-28 11:31:37 - Logger - INFO - 21/100 - 校验成功
2024-11-28 11:31:39 - Logger - INFO - 22/100 - 校验成功
2024-11-28 11:31:41 - Logger - INFO - 23/100 - 校验失败
2024-11-28 11:31:43 - Logger - INFO - 24/100 - 校验失败
2024-11-28 11:31:45 - Logger - INFO - 25/100 - 校验失败
2024-11-28 11:31:46 - Logger - INFO - 26/100 - 校验成功
2024-11-28 11:31:48 - Logger - INFO - 27/100 - 校验失败
2024-11-28 11:31:50 - Logger - INFO - 28/100 - 校验成功
2024-11-28 11:31:52 - Logger - INFO - 29/100 - 校验失败
2024-11-28 11:31:54 - Logger - INFO - 30/100 - 校验成功
2024-11-28 11:31:56 - Logger - INFO - 31/100 - 校验失败
2024-11-28 11:31:58 - Logger - INFO - 32/100 - 校验失败
2024-11-28 11:32:00 - Logger - INFO - 33/100 - 校验成功
2024-11-28 11:32:02 - Logger - INFO - 34/100 - 校验失败
2024-11-28 11:32:04 - Logger - INFO - 35/100 - 校验成功
2024-11-28 11:32:06 - Logger - INFO - 36/100 - 校验成功
2024-11-28 11:32:08 - Logger - INFO - 37/100 - 校验成功
2024-11-28 11:32:10 - Logger - INFO - 38/100 - 校验失败
2024-11-28 11:32:12 - Logger - INFO - 39/100 - 校验失败
2024-11-28 11:32:14 - Logger - INFO - 40/100 - 校验失败
2024-11-28 11:32:16 - Logger - INFO - 41/100 - 校验失败
2024-11-28 11:32:18 - Logger - INFO - 42/100 - 校验成功
2024-11-28 11:32:20 - Logger - INFO - 43/100 - 校验成功
2024-11-28 11:32:22 - Logger - INFO - 44/100 - 校验失败
2024-11-28 11:32:24 - Logger - INFO - 45/100 - 校验失败
2024-11-28 11:32:26 - Logger - INFO - 46/100 - 校验失败
2024-11-28 11:32:27 - Logger - INFO - 47/100 - 校验失败
2024-11-28 11:32:29 - Logger - INFO - 48/100 - 校验成功
2024-11-28 11:32:31 - Logger - INFO - 49/100 - 校验失败
2024-11-28 11:32:33 - Logger - INFO - 50/100 - 校验成功
2024-11-28 11:32:35 - Logger - INFO - 51/100 - 校验成功
2024-11-28 11:32:37 - Logger - INFO - 52/100 - 校验成功
2024-11-28 11:32:39 - Logger - INFO - 53/100 - 校验失败
2024-11-28 11:32:41 - Logger - INFO - 54/100 - 校验失败
2024-11-28 11:32:43 - Logger - INFO - 55/100 - 校验成功
2024-11-28 11:32:45 - Logger - INFO - 56/100 - 校验失败
2024-11-28 11:32:47 - Logger - INFO - 57/100 - 校验失败
2024-11-28 11:32:49 - Logger - INFO - 58/100 - 校验成功
2024-11-28 11:32:51 - Logger - INFO - 59/100 - 校验成功
2024-11-28 11:32:53 - Logger - INFO - 60/100 - 校验失败
2024-11-28 11:32:55 - Logger - INFO - 61/100 - 校验成功
2024-11-28 11:32:56 - Logger - INFO - 62/100 - 校验失败
2024-11-28 11:32:58 - Logger - INFO - 63/100 - 校验失败
2024-11-28 11:33:00 - Logger - INFO - 64/100 - 校验成功
2024-11-28 11:33:02 - Logger - INFO - 65/100 - 校验失败
2024-11-28 11:33:04 - Logger - INFO - 66/100 - 校验失败
2024-11-28 11:33:06 - Logger - INFO - 67/100 - 校验失败
2024-11-28 11:33:08 - Logger - INFO - 68/100 - 校验成功
2024-11-28 11:33:10 - Logger - INFO - 69/100 - 校验成功
2024-11-28 11:33:12 - Logger - INFO - 70/100 - 校验成功
2024-11-28 11:33:14 - Logger - INFO - 71/100 - 校验失败
2024-11-28 11:33:16 - Logger - INFO - 72/100 - 校验失败
2024-11-28 11:33:18 - Logger - INFO - 73/100 - 校验失败
2024-11-28 11:33:20 - Logger - INFO - 74/100 - 校验成功
2024-11-28 11:33:22 - Logger - INFO - 75/100 - 校验成功
2024-11-28 11:33:24 - Logger - INFO - 76/100 - 校验成功
2024-11-28 11:33:26 - Logger - INFO - 77/100 - 校验成功
2024-11-28 11:33:28 - Logger - INFO - 78/100 - 校验失败
2024-11-28 11:33:30 - Logger - INFO - 79/100 - 校验失败
2024-11-28 11:33:32 - Logger - INFO - 80/100 - 校验成功
2024-11-28 11:33:33 - Logger - INFO - 81/100 - 校验成功
2024-11-28 11:33:35 - Logger - INFO - 82/100 - 校验失败
2024-11-28 11:33:37 - Logger - INFO - 83/100 - 校验失败
2024-11-28 11:33:39 - Logger - INFO - 84/100 - 校验成功
2024-11-28 11:33:41 - Logger - INFO - 85/100 - 校验成功
2024-11-28 11:33:43 - Logger - INFO - 86/100 - 校验失败
2024-11-28 11:33:45 - Logger - INFO - 87/100 - 校验成功
2024-11-28 11:33:47 - Logger - INFO - 88/100 - 校验失败
2024-11-28 11:33:49 - Logger - INFO - 89/100 - 校验失败
2024-11-28 11:33:51 - Logger - INFO - 90/100 - 校验成功
2024-11-28 11:33:53 - Logger - INFO - 91/100 - 校验失败
2024-11-28 11:33:55 - Logger - INFO - 92/100 - 校验失败
2024-11-28 11:33:56 - Logger - INFO - 93/100 - 校验成功
2024-11-28 11:33:58 - Logger - INFO - 94/100 - 校验成功
2024-11-28 11:34:00 - Logger - INFO - 95/100 - 校验成功
2024-11-28 11:34:02 - Logger - INFO - 96/100 - 校验成功
2024-11-28 11:34:04 - Logger - INFO - 97/100 - 校验失败
2024-11-28 11:34:06 - Logger - INFO - 98/100 - 校验失败
2024-11-28 11:34:08 - Logger - INFO - 99/100 - 校验成功
2024-11-28 11:34:10 - Logger - INFO - 100/100 - 校验失败
2024-11-28 11:34:12 - Logger - INFO - 101/100 - 校验成功
2024-11-28 11:34:23 - Logger - INFO - 1/100 - 校验失败
2024-11-28 11:34:25 - Logger - INFO - 2/100 - 校验失败
2024-11-28 11:34:27 - Logger - INFO - 3/100 - 校验失败
2024-11-28 11:34:29 - Logger - INFO - 4/100 - 校验失败
2024-11-28 11:34:31 - Logger - INFO - 5/100 - 校验失败
2024-11-28 11:34:32 - Logger - INFO - 6/100 - 校验失败
2024-11-28 11:34:34 - Logger - INFO - 7/100 - 校验失败
2024-11-28 11:34:36 - Logger - INFO - 8/100 - 校验失败
2024-11-28 11:34:38 - Logger - INFO - 9/100 - 校验失败
2024-11-28 11:34:40 - Logger - INFO - 10/100 - 校验失败
2024-11-28 11:34:42 - Logger - INFO - 11/100 - 校验失败
2024-11-28 11:34:44 - Logger - INFO - 12/100 - 校验失败
2024-11-28 11:34:46 - Logger - INFO - 13/100 - 校验失败
2024-11-28 11:34:48 - Logger - INFO - 14/100 - 校验失败
2024-11-28 11:34:50 - Logger - INFO - 15/100 - 校验失败
2024-11-28 11:34:52 - Logger - INFO - 16/100 - 校验失败
2024-11-28 11:35:21 - Logger - INFO - 1/100 - 校验失败
2024-11-28 11:35:23 - Logger - INFO - 2/100 - 校验失败
2024-11-28 11:35:25 - Logger - INFO - 3/100 - 校验失败
2024-11-28 11:35:27 - Logger - INFO - 4/100 - 校验失败
2024-11-28 11:35:28 - Logger - INFO - 5/100 - 校验失败
2024-11-28 11:35:30 - Logger - INFO - 6/100 - 校验失败
2024-11-28 11:35:32 - Logger - INFO - 7/100 - 校验失败
2024-11-28 11:35:34 - Logger - INFO - 8/100 - 校验失败
2024-11-28 11:35:36 - Logger - INFO - 9/100 - 校验失败
2024-11-28 11:35:38 - Logger - INFO - 10/100 - 校验失败
2024-11-28 11:35:40 - Logger - INFO - 11/100 - 校验失败
2024-11-28 11:35:42 - Logger - INFO - 12/100 - 校验失败
2024-11-28 11:35:44 - Logger - INFO - 13/100 - 校验失败
2024-11-28 11:36:10 - Logger - INFO - 1/100 - 校验失败
2024-11-28 11:36:11 - Logger - INFO - 2/100 - 校验失败
2024-11-28 11:36:13 - Logger - INFO - 3/100 - 校验失败
2024-11-28 11:36:15 - Logger - INFO - 4/100 - 校验失败
2024-11-28 11:36:17 - Logger - INFO - 5/100 - 校验失败
2024-11-28 11:36:19 - Logger - INFO - 6/100 - 校验失败
2024-11-28 11:36:24 - Logger - INFO - 7/100 - 校验成功
2024-11-28 11:36:26 - Logger - INFO - 8/100 - 校验成功
2024-11-28 11:36:27 - Logger - INFO - 9/100 - 校验失败
2024-11-28 11:36:29 - Logger - INFO - 10/100 - 校验失败
2024-11-28 11:36:31 - Logger - INFO - 11/100 - 校验失败
2024-11-28 11:36:33 - Logger - INFO - 12/100 - 校验成功
2024-11-28 11:36:35 - Logger - INFO - 13/100 - 校验失败
2024-11-28 11:36:37 - Logger - INFO - 14/100 - 校验失败
2024-11-28 11:36:39 - Logger - INFO - 15/100 - 校验失败
2024-11-28 11:36:41 - Logger - INFO - 16/100 - 校验成功
2024-11-28 11:36:42 - Logger - INFO - 17/100 - 校验失败
2024-11-28 11:36:44 - Logger - INFO - 18/100 - 校验成功
2024-11-28 11:36:46 - Logger - INFO - 19/100 - 校验成功
2024-11-28 11:36:48 - Logger - INFO - 20/100 - 校验失败
2024-11-28 11:36:50 - Logger - INFO - 21/100 - 校验失败
2024-11-28 11:36:52 - Logger - INFO - 22/100 - 校验失败
2024-11-28 11:36:54 - Logger - INFO - 23/100 - 校验失败
2024-11-28 11:36:56 - Logger - INFO - 24/100 - 校验成功
2024-11-28 11:36:58 - Logger - INFO - 25/100 - 校验失败
2024-11-28 11:37:00 - Logger - INFO - 26/100 - 校验成功
2024-11-28 11:37:02 - Logger - INFO - 27/100 - 校验失败
2024-11-28 11:37:03 - Logger - INFO - 28/100 - 校验成功
2024-11-28 11:37:05 - Logger - INFO - 29/100 - 校验失败
2024-11-28 11:37:07 - Logger - INFO - 30/100 - 校验失败
2024-11-28 11:37:09 - Logger - INFO - 31/100 - 校验成功
2024-11-28 11:37:11 - Logger - INFO - 32/100 - 校验成功
2024-11-28 11:37:13 - Logger - INFO - 33/100 - 校验失败
2024-11-28 11:37:15 - Logger - INFO - 34/100 - 校验失败
2024-11-28 11:37:17 - Logger - INFO - 35/100 - 校验成功
2024-11-28 11:37:18 - Logger - INFO - 36/100 - 校验失败
2024-11-28 11:37:20 - Logger - INFO - 37/100 - 校验失败
2024-11-28 11:37:22 - Logger - INFO - 38/100 - 校验失败
2024-11-28 11:37:24 - Logger - INFO - 39/100 - 校验成功
2024-11-28 11:37:26 - Logger - INFO - 40/100 - 校验失败
2024-11-28 11:37:28 - Logger - INFO - 41/100 - 校验失败
2024-11-28 11:37:30 - Logger - INFO - 42/100 - 校验失败
2024-11-28 11:37:32 - Logger - INFO - 43/100 - 校验成功
2024-11-28 11:37:34 - Logger - INFO - 44/100 - 校验成功
2024-11-28 11:37:36 - Logger - INFO - 45/100 - 校验失败
2024-11-28 11:37:37 - Logger - INFO - 46/100 - 校验成功
2024-11-28 11:37:39 - Logger - INFO - 47/100 - 校验失败
2024-11-28 11:37:41 - Logger - INFO - 48/100 - 校验失败
2024-11-28 11:37:43 - Logger - INFO - 49/100 - 校验成功
2024-11-28 11:37:45 - Logger - INFO - 50/100 - 校验成功
2024-11-28 11:37:47 - Logger - INFO - 51/100 - 校验失败
2024-11-28 11:37:49 - Logger - INFO - 52/100 - 校验成功
2024-11-28 11:37:51 - Logger - INFO - 53/100 - 校验失败
2024-11-28 11:37:52 - Logger - INFO - 54/100 - 校验成功
2024-11-28 11:37:54 - Logger - INFO - 55/100 - 校验成功
2024-11-28 11:37:56 - Logger - INFO - 56/100 - 校验失败
2024-11-28 11:37:58 - Logger - INFO - 57/100 - 校验失败
2024-11-28 11:38:00 - Logger - INFO - 58/100 - 校验成功
2024-11-28 11:38:02 - Logger - INFO - 59/100 - 校验成功
2024-11-28 11:38:04 - Logger - INFO - 60/100 - 校验失败
2024-11-28 11:38:06 - Logger - INFO - 61/100 - 校验失败
2024-11-28 11:38:08 - Logger - INFO - 62/100 - 校验成功
2024-11-28 11:38:11 - Logger - INFO - 63/100 - 校验失败
2024-11-28 11:38:12 - Logger - INFO - 64/100 - 校验成功
2024-11-28 11:38:14 - Logger - INFO - 65/100 - 校验成功
2024-11-28 11:38:16 - Logger - INFO - 66/100 - 校验失败
2024-11-28 11:38:18 - Logger - INFO - 67/100 - 校验失败
2024-11-28 11:38:20 - Logger - INFO - 68/100 - 校验失败
2024-11-28 11:38:22 - Logger - INFO - 69/100 - 校验失败
2024-11-28 11:38:24 - Logger - INFO - 70/100 - 校验失败
2024-11-28 11:38:26 - Logger - INFO - 71/100 - 校验成功
2024-11-28 11:38:28 - Logger - INFO - 72/100 - 校验成功
2024-11-28 11:38:30 - Logger - INFO - 73/100 - 校验失败
2024-11-28 11:38:31 - Logger - INFO - 74/100 - 校验失败
2024-11-28 11:38:33 - Logger - INFO - 75/100 - 校验失败
2024-11-28 11:38:35 - Logger - INFO - 76/100 - 校验失败
2024-11-28 11:38:37 - Logger - INFO - 77/100 - 校验失败
2024-11-28 11:38:39 - Logger - INFO - 78/100 - 校验失败
2024-11-28 11:38:41 - Logger - INFO - 79/100 - 校验成功
2024-11-28 11:38:43 - Logger - INFO - 80/100 - 校验成功
2024-11-28 11:38:45 - Logger - INFO - 81/100 - 校验失败
2024-11-28 11:38:47 - Logger - INFO - 82/100 - 校验失败
2024-11-28 11:38:50 - Logger - INFO - 83/100 - 校验失败
2024-11-28 11:38:52 - Logger - INFO - 84/100 - 校验成功
2024-11-28 11:38:53 - Logger - INFO - 85/100 - 校验失败
2024-11-28 11:38:55 - Logger - INFO - 86/100 - 校验失败
2024-11-28 11:38:57 - Logger - INFO - 87/100 - 校验失败
2024-11-28 11:38:59 - Logger - INFO - 88/100 - 校验成功
2024-11-28 11:39:04 - Logger - INFO - 89/100 - 校验成功
2024-11-28 11:39:06 - Logger - INFO - 90/100 - 校验失败
2024-11-28 11:39:07 - Logger - INFO - 91/100 - 校验成功
2024-11-28 11:39:09 - Logger - INFO - 92/100 - 校验成功
2024-11-28 11:39:11 - Logger - INFO - 93/100 - 校验失败
2024-11-28 11:39:13 - Logger - INFO - 94/100 - 校验失败
2024-11-28 11:39:15 - Logger - INFO - 95/100 - 校验失败
2024-11-28 11:39:17 - Logger - INFO - 96/100 - 校验失败
2024-11-28 11:39:19 - Logger - INFO - 97/100 - 校验成功
2024-11-28 11:39:21 - Logger - INFO - 98/100 - 校验失败
2024-11-28 11:39:22 - Logger - INFO - 99/100 - 校验失败
2024-11-28 11:39:25 - Logger - INFO - 100/100 - 校验失败
2024-11-28 11:39:38 - Logger - INFO - 1/100 - 校验失败
2024-11-28 11:39:39 - Logger - INFO - 2/100 - 校验成功
2024-11-28 11:39:41 - Logger - INFO - 3/100 - 校验成功
2024-11-28 11:39:43 - Logger - INFO - 4/100 - 校验成功
2024-11-28 11:39:45 - Logger - INFO - 5/100 - 校验成功
2024-11-28 11:39:47 - Logger - INFO - 6/100 - 校验成功
2024-11-28 11:39:49 - Logger - INFO - 7/100 - 校验成功
2024-11-28 11:39:51 - Logger - INFO - 8/100 - 校验失败
2024-11-28 11:39:53 - Logger - INFO - 9/100 - 校验成功
2024-11-28 11:39:55 - Logger - INFO - 10/100 - 校验失败
2024-11-28 11:39:57 - Logger - INFO - 11/100 - 校验失败
2024-11-28 11:39:59 - Logger - INFO - 12/100 - 校验失败
2024-11-28 11:40:00 - Logger - INFO - 13/100 - 校验成功
2024-11-28 11:40:02 - Logger - INFO - 14/100 - 校验成功
2024-11-28 11:40:04 - Logger - INFO - 15/100 - 校验失败
2024-11-28 11:40:06 - Logger - INFO - 16/100 - 校验成功
2024-11-28 11:40:08 - Logger - INFO - 17/100 - 校验成功
2024-11-28 11:40:10 - Logger - INFO - 18/100 - 校验失败
2024-11-28 11:40:12 - Logger - INFO - 19/100 - 校验失败
2024-11-28 11:40:14 - Logger - INFO - 20/100 - 校验成功
2024-11-28 11:40:15 - Logger - INFO - 21/100 - 校验失败
2024-11-28 11:40:17 - Logger - INFO - 22/100 - 校验成功
2024-11-28 11:40:19 - Logger - INFO - 23/100 - 校验成功
2024-11-28 11:40:21 - Logger - INFO - 24/100 - 校验成功
2024-11-28 11:40:23 - Logger - INFO - 25/100 - 校验失败
2024-11-28 11:40:25 - Logger - INFO - 26/100 - 校验失败
2024-11-28 11:40:27 - Logger - INFO - 27/100 - 校验成功
2024-11-28 11:40:29 - Logger - INFO - 28/100 - 校验成功
2024-11-28 11:40:31 - Logger - INFO - 29/100 - 校验失败
2024-11-28 11:40:33 - Logger - INFO - 30/100 - 校验成功
2024-11-28 11:40:34 - Logger - INFO - 31/100 - 校验成功
2024-11-28 11:40:36 - Logger - INFO - 32/100 - 校验成功
2024-11-28 11:40:38 - Logger - INFO - 33/100 - 校验成功
2024-11-28 11:40:40 - Logger - INFO - 34/100 - 校验失败
2024-11-28 11:40:42 - Logger - INFO - 35/100 - 校验失败
2024-11-28 11:40:44 - Logger - INFO - 36/100 - 校验失败
2024-11-28 11:40:46 - Logger - INFO - 37/100 - 校验失败
2024-11-28 11:40:48 - Logger - INFO - 38/100 - 校验成功
2024-11-28 11:40:50 - Logger - INFO - 39/100 - 校验失败
2024-11-28 11:40:52 - Logger - INFO - 40/100 - 校验成功
2024-11-28 11:40:53 - Logger - INFO - 41/100 - 校验成功
2024-11-28 11:40:55 - Logger - INFO - 42/100 - 校验成功
2024-11-28 11:40:57 - Logger - INFO - 43/100 - 校验失败
2024-11-28 11:40:59 - Logger - INFO - 44/100 - 校验成功
2024-11-28 11:41:01 - Logger - INFO - 45/100 - 校验成功
2024-11-28 11:41:03 - Logger - INFO - 46/100 - 校验失败
2024-11-28 11:41:05 - Logger - INFO - 47/100 - 校验成功
2024-11-28 11:41:07 - Logger - INFO - 48/100 - 校验失败
2024-11-28 11:41:08 - Logger - INFO - 49/100 - 校验失败
2024-11-28 11:41:10 - Logger - INFO - 50/100 - 校验成功
2024-11-28 11:41:12 - Logger - INFO - 51/100 - 校验失败
2024-11-28 11:41:14 - Logger - INFO - 52/100 - 校验失败
2024-11-28 11:41:16 - Logger - INFO - 53/100 - 校验失败
2024-11-28 11:41:18 - Logger - INFO - 54/100 - 校验失败
2024-11-28 11:41:20 - Logger - INFO - 55/100 - 校验成功
2024-11-28 11:41:22 - Logger - INFO - 56/100 - 校验成功
2024-11-28 11:41:23 - Logger - INFO - 57/100 - 校验成功
2024-11-28 11:41:26 - Logger - INFO - 58/100 - 校验失败
2024-11-28 11:41:27 - Logger - INFO - 59/100 - 校验成功
2024-11-28 11:41:29 - Logger - INFO - 60/100 - 校验失败
2024-11-28 11:41:31 - Logger - INFO - 61/100 - 校验成功
2024-11-28 11:41:33 - Logger - INFO - 62/100 - 校验失败
2024-11-28 11:41:34 - Logger - INFO - 63/100 - 校验失败
2024-11-28 11:41:36 - Logger - INFO - 64/100 - 校验失败
2024-11-28 11:41:38 - Logger - INFO - 65/100 - 校验成功
2024-11-28 11:41:40 - Logger - INFO - 66/100 - 校验成功
2024-11-28 11:41:42 - Logger - INFO - 67/100 - 校验成功
2024-11-28 11:41:43 - Logger - INFO - 68/100 - 校验成功
2024-11-28 11:41:45 - Logger - INFO - 69/100 - 校验失败
2024-11-28 11:41:47 - Logger - INFO - 70/100 - 校验失败
2024-11-28 11:41:49 - Logger - INFO - 71/100 - 校验失败
2024-11-28 11:41:51 - Logger - INFO - 72/100 - 校验失败
2024-11-28 11:41:52 - Logger - INFO - 73/100 - 校验失败
2024-11-28 11:41:54 - Logger - INFO - 74/100 - 校验失败
2024-11-28 11:41:56 - Logger - INFO - 75/100 - 校验失败
2024-11-28 11:41:58 - Logger - INFO - 76/100 - 校验成功
2024-11-28 11:41:59 - Logger - INFO - 77/100 - 校验失败
2024-11-28 11:42:01 - Logger - INFO - 78/100 - 校验成功
2024-11-28 11:42:03 - Logger - INFO - 79/100 - 校验失败
2024-11-28 11:42:05 - Logger - INFO - 80/100 - 校验失败
2024-11-28 11:42:07 - Logger - INFO - 81/100 - 校验失败
2024-11-28 11:42:09 - Logger - INFO - 82/100 - 校验成功
2024-11-28 11:42:11 - Logger - INFO - 83/100 - 校验失败
2024-11-28 11:42:12 - Logger - INFO - 84/100 - 校验失败
2024-11-28 11:42:14 - Logger - INFO - 85/100 - 校验失败
2024-11-28 11:42:16 - Logger - INFO - 86/100 - 校验成功
2024-11-28 11:42:18 - Logger - INFO - 87/100 - 校验失败
2024-11-28 11:42:19 - Logger - INFO - 88/100 - 校验失败
2024-11-28 11:42:21 - Logger - INFO - 89/100 - 校验失败
2024-11-28 11:42:23 - Logger - INFO - 90/100 - 校验成功
2024-11-28 11:42:25 - Logger - INFO - 91/100 - 校验成功
2024-11-28 11:42:27 - Logger - INFO - 92/100 - 校验成功
2024-11-28 11:42:29 - Logger - INFO - 93/100 - 校验成功
2024-11-28 11:42:31 - Logger - INFO - 94/100 - 校验成功
2024-11-28 11:42:33 - Logger - INFO - 95/100 - 校验成功
2024-11-28 11:42:34 - Logger - INFO - 96/100 - 校验成功
2024-11-28 11:42:36 - Logger - INFO - 97/100 - 校验失败
2024-11-28 11:42:38 - Logger - INFO - 98/100 - 校验成功
2024-11-28 11:42:40 - Logger - INFO - 99/100 - 校验成功
2024-11-28 11:42:42 - Logger - INFO - 100/100 - 校验失败
2024-11-28 11:43:39 - Logger - INFO - 1/100 - 校验成功
2024-11-28 11:43:41 - Logger - INFO - 2/100 - 校验失败
2024-11-28 11:43:43 - Logger - INFO - 3/100 - 校验成功
2024-11-28 11:43:45 - Logger - INFO - 4/100 - 校验成功
2024-11-28 11:43:46 - Logger - INFO - 5/100 - 校验失败
2024-11-28 11:43:49 - Logger - INFO - 6/100 - 校验成功
2024-11-28 11:43:50 - Logger - INFO - 7/100 - 校验失败
2024-11-28 11:43:52 - Logger - INFO - 8/100 - 校验失败
2024-11-28 11:43:54 - Logger - INFO - 9/100 - 校验成功
2024-11-28 11:43:56 - Logger - INFO - 10/100 - 校验成功
2024-11-28 11:43:58 - Logger - INFO - 11/100 - 校验失败
2024-11-28 11:44:00 - Logger - INFO - 12/100 - 校验失败
2024-11-28 11:44:01 - Logger - INFO - 13/100 - 校验失败
2024-11-28 11:44:03 - Logger - INFO - 14/100 - 校验成功
2024-11-28 11:44:05 - Logger - INFO - 15/100 - 校验成功
2024-11-28 11:44:07 - Logger - INFO - 16/100 - 校验失败
2024-11-28 11:44:09 - Logger - INFO - 17/100 - 校验成功
2024-11-28 11:44:11 - Logger - INFO - 18/100 - 校验成功
2024-11-28 11:44:13 - Logger - INFO - 19/100 - 校验成功
2024-11-28 11:44:15 - Logger - INFO - 20/100 - 校验失败
2024-11-28 11:44:17 - Logger - INFO - 21/100 - 校验成功
2024-11-28 11:44:19 - Logger - INFO - 22/100 - 校验成功
2024-11-28 11:44:21 - Logger - INFO - 23/100 - 校验失败
2024-11-28 11:44:23 - Logger - INFO - 24/100 - 校验失败
2024-11-28 11:44:24 - Logger - INFO - 25/100 - 校验成功
2024-11-28 11:44:26 - Logger - INFO - 26/100 - 校验成功
2024-11-28 11:44:28 - Logger - INFO - 27/100 - 校验成功
2024-11-28 11:44:30 - Logger - INFO - 28/100 - 校验成功
2024-11-28 11:44:32 - Logger - INFO - 29/100 - 校验成功
2024-11-28 11:44:34 - Logger - INFO - 30/100 - 校验失败
2024-11-28 11:44:35 - Logger - INFO - 31/100 - 校验失败
2024-11-28 11:44:37 - Logger - INFO - 32/100 - 校验失败
2024-11-28 11:44:39 - Logger - INFO - 33/100 - 校验成功
2024-11-28 11:44:42 - Logger - INFO - 34/100 - 校验失败
2024-11-28 11:44:43 - Logger - INFO - 35/100 - 校验失败
2024-11-28 11:44:45 - Logger - INFO - 36/100 - 校验成功
2024-11-28 11:44:47 - Logger - INFO - 37/100 - 校验成功
2024-11-28 11:44:49 - Logger - INFO - 38/100 - 校验失败
2024-11-28 11:44:51 - Logger - INFO - 39/100 - 校验成功
2024-11-28 11:44:53 - Logger - INFO - 40/100 - 校验失败
2024-11-28 11:44:54 - Logger - INFO - 41/100 - 校验成功
2024-11-28 11:44:56 - Logger - INFO - 42/100 - 校验成功
2024-11-28 11:44:58 - Logger - INFO - 43/100 - 校验失败
2024-11-28 11:45:00 - Logger - INFO - 44/100 - 校验成功
2024-11-28 11:45:02 - Logger - INFO - 45/100 - 校验成功
2024-11-28 11:45:04 - Logger - INFO - 46/100 - 校验成功
2024-11-28 11:45:05 - Logger - INFO - 47/100 - 校验失败
2024-11-28 11:45:07 - Logger - INFO - 48/100 - 校验失败
2024-11-28 11:45:09 - Logger - INFO - 49/100 - 校验失败
2024-11-28 11:45:11 - Logger - INFO - 50/100 - 校验成功
2024-11-28 11:45:13 - Logger - INFO - 51/100 - 校验失败
2024-11-28 11:45:15 - Logger - INFO - 52/100 - 校验失败
2024-11-28 11:45:17 - Logger - INFO - 53/100 - 校验失败
2024-11-28 11:45:18 - Logger - INFO - 54/100 - 校验失败
2024-11-28 11:45:20 - Logger - INFO - 55/100 - 校验失败
2024-11-28 11:45:22 - Logger - INFO - 56/100 - 校验成功
2024-11-28 11:45:24 - Logger - INFO - 57/100 - 校验成功
2024-11-28 11:45:26 - Logger - INFO - 58/100 - 校验成功
2024-11-28 11:45:28 - Logger - INFO - 59/100 - 校验失败
2024-11-28 11:45:29 - Logger - INFO - 60/100 - 校验失败
2024-11-28 11:45:31 - Logger - INFO - 61/100 - 校验成功
2024-11-28 11:45:33 - Logger - INFO - 62/100 - 校验成功
2024-11-28 11:45:35 - Logger - INFO - 63/100 - 校验成功
2024-11-28 11:45:37 - Logger - INFO - 64/100 - 校验失败
2024-11-28 11:45:39 - Logger - INFO - 65/100 - 校验失败
2024-11-28 11:45:41 - Logger - INFO - 66/100 - 校验失败
2024-11-28 11:45:42 - Logger - INFO - 67/100 - 校验成功
2024-11-28 11:45:44 - Logger - INFO - 68/100 - 校验成功
2024-11-28 11:45:46 - Logger - INFO - 69/100 - 校验成功
2024-11-28 11:45:48 - Logger - INFO - 70/100 - 校验失败
2024-11-28 11:45:50 - Logger - INFO - 71/100 - 校验成功
2024-11-28 11:45:52 - Logger - INFO - 72/100 - 校验失败
2024-11-28 11:45:54 - Logger - INFO - 73/100 - 校验失败
2024-11-28 11:45:56 - Logger - INFO - 74/100 - 校验成功
2024-11-28 11:45:58 - Logger - INFO - 75/100 - 校验失败
2024-11-28 11:46:00 - Logger - INFO - 76/100 - 校验失败
2024-11-28 11:46:01 - Logger - INFO - 77/100 - 校验成功
2024-11-28 11:46:03 - Logger - INFO - 78/100 - 校验失败
2024-11-28 11:46:05 - Logger - INFO - 79/100 - 校验成功
2024-11-28 11:46:07 - Logger - INFO - 80/100 - 校验成功
2024-11-28 11:46:09 - Logger - INFO - 81/100 - 校验失败
2024-11-28 11:46:11 - Logger - INFO - 82/100 - 校验成功
2024-11-28 11:46:13 - Logger - INFO - 83/100 - 校验失败
2024-11-28 11:46:15 - Logger - INFO - 84/100 - 校验失败
2024-11-28 11:46:17 - Logger - INFO - 85/100 - 校验失败
2024-11-28 11:46:19 - Logger - INFO - 86/100 - 校验成功
2024-11-28 11:46:21 - Logger - INFO - 87/100 - 校验失败
2024-11-28 11:46:23 - Logger - INFO - 88/100 - 校验失败
2024-11-28 11:46:24 - Logger - INFO - 89/100 - 校验失败
2024-11-28 11:46:26 - Logger - INFO - 90/100 - 校验失败
2024-11-28 11:46:28 - Logger - INFO - 91/100 - 校验失败
2024-11-28 11:46:30 - Logger - INFO - 92/100 - 校验失败
2024-11-28 11:46:32 - Logger - INFO - 93/100 - 校验失败
2024-11-28 11:46:34 - Logger - INFO - 94/100 - 校验失败
2024-11-28 11:46:35 - Logger - INFO - 95/100 - 校验失败
2024-11-28 11:46:37 - Logger - INFO - 96/100 - 校验失败
2024-11-28 11:46:39 - Logger - INFO - 97/100 - 校验成功
2024-11-28 11:46:41 - Logger - INFO - 98/100 - 校验失败
2024-11-28 11:46:43 - Logger - INFO - 99/100 - 校验失败
2024-11-28 11:46:45 - Logger - INFO - 100/100 - 校验失败
2024-11-28 11:47:14 - Logger - INFO - 1/100 - x:188 - 校验成功
2024-11-28 11:47:16 - Logger - INFO - 2/100 - x:66 - 校验成功
2024-11-28 11:47:18 - Logger - INFO - 3/100 - x:53 - 校验失败
2024-11-28 11:47:20 - Logger - INFO - 4/100 - x:67 - 校验失败
2024-11-28 11:47:21 - Logger - INFO - 5/100 - x:59 - 校验成功
2024-11-28 11:47:23 - Logger - INFO - 6/100 - x:193 - 校验失败
2024-11-28 11:47:25 - Logger - INFO - 7/100 - x:168 - 校验成功
2024-11-28 11:47:27 - Logger - INFO - 8/100 - x:66 - 校验成功
2024-11-28 11:47:29 - Logger - INFO - 9/100 - x:171 - 校验成功
2024-11-28 11:47:31 - Logger - INFO - 10/100 - x:104 - 校验失败
2024-11-28 11:47:33 - Logger - INFO - 11/100 - x:214 - 校验成功
2024-11-28 11:47:35 - Logger - INFO - 12/100 - x:59 - 校验失败
2024-11-28 11:47:37 - Logger - INFO - 13/100 - x:170 - 校验成功
2024-11-28 11:47:39 - Logger - INFO - 14/100 - x:117 - 校验失败
2024-11-28 11:47:40 - Logger - INFO - 15/100 - x:142 - 校验成功
2024-11-28 11:47:42 - Logger - INFO - 16/100 - x:212 - 校验成功
2024-11-28 11:47:44 - Logger - INFO - 17/100 - x:206 - 校验成功
2024-11-28 11:47:46 - Logger - INFO - 18/100 - x:69 - 校验成功
2024-11-28 11:47:48 - Logger - INFO - 19/100 - x:134 - 校验失败
2024-11-28 11:47:50 - Logger - INFO - 20/100 - x:90 - 校验失败
2024-11-28 11:47:52 - Logger - INFO - 21/100 - x:202 - 校验成功
2024-11-28 11:47:54 - Logger - INFO - 22/100 - x:82 - 校验失败
2024-11-28 11:47:56 - Logger - INFO - 23/100 - x:97 - 校验失败
2024-11-28 11:47:57 - Logger - INFO - 24/100 - x:161 - 校验成功
2024-11-28 11:47:59 - Logger - INFO - 25/100 - x:161 - 校验成功
2024-11-28 11:48:01 - Logger - INFO - 26/100 - x:201 - 校验失败
2024-11-28 11:48:03 - Logger - INFO - 27/100 - x:88 - 校验失败
2024-11-28 11:48:05 - Logger - INFO - 28/100 - x:206 - 校验成功
2024-11-28 11:48:07 - Logger - INFO - 29/100 - x:119 - 校验成功
2024-11-28 11:48:09 - Logger - INFO - 30/100 - x:78 - 校验失败
2024-11-28 11:48:11 - Logger - INFO - 31/100 - x:45 - 校验失败
2024-11-28 11:48:13 - Logger - INFO - 32/100 - x:204 - 校验成功
2024-11-28 11:48:15 - Logger - INFO - 33/100 - x:135 - 校验成功
2024-11-28 11:48:17 - Logger - INFO - 34/100 - x:112 - 校验失败
2024-11-28 11:48:19 - Logger - INFO - 35/100 - x:181 - 校验成功
2024-11-28 11:48:21 - Logger - INFO - 36/100 - x:157 - 校验成功
2024-11-28 11:48:22 - Logger - INFO - 37/100 - x:57 - 校验成功
2024-11-28 11:48:24 - Logger - INFO - 38/100 - x:195 - 校验成功
2024-11-28 11:48:26 - Logger - INFO - 39/100 - x:71 - 校验成功
2024-11-28 11:48:28 - Logger - INFO - 40/100 - x:66 - 校验成功
2024-11-28 11:48:30 - Logger - INFO - 41/100 - x:52 - 校验成功
2024-11-28 11:48:32 - Logger - INFO - 42/100 - x:91 - 校验成功
2024-11-28 11:48:34 - Logger - INFO - 43/100 - x:165 - 校验成功
2024-11-28 11:48:36 - Logger - INFO - 44/100 - x:167 - 校验成功
2024-11-28 11:48:38 - Logger - INFO - 45/100 - x:209 - 校验成功
2024-11-28 11:48:40 - Logger - INFO - 46/100 - x:92 - 校验失败
2024-11-28 11:48:42 - Logger - INFO - 47/100 - x:87 - 校验失败
2024-11-28 11:48:44 - Logger - INFO - 48/100 - x:78 - 校验成功
2024-11-28 11:48:46 - Logger - INFO - 49/100 - x:94 - 校验失败
2024-11-28 11:48:48 - Logger - INFO - 50/100 - x:58 - 校验失败
2024-11-28 11:48:50 - Logger - INFO - 51/100 - x:108 - 校验成功
2024-11-28 11:48:52 - Logger - INFO - 52/100 - x:204 - 校验成功
2024-11-28 11:48:54 - Logger - INFO - 53/100 - x:163 - 校验失败
2024-11-28 11:48:56 - Logger - INFO - 54/100 - x:137 - 校验失败
2024-11-28 11:48:58 - Logger - INFO - 55/100 - x:172 - 校验成功
2024-11-28 11:49:00 - Logger - INFO - 56/100 - x:142 - 校验成功
2024-11-28 11:49:02 - Logger - INFO - 57/100 - x:168 - 校验失败
2024-11-28 11:49:04 - Logger - INFO - 58/100 - x:186 - 校验成功
2024-11-28 11:49:06 - Logger - INFO - 59/100 - x:68 - 校验失败
2024-11-28 11:49:08 - Logger - INFO - 60/100 - x:151 - 校验成功
2024-11-28 11:49:10 - Logger - INFO - 61/100 - x:69 - 校验失败
2024-11-28 11:49:12 - Logger - INFO - 62/100 - x:77 - 校验成功
2024-11-28 11:49:14 - Logger - INFO - 63/100 - x:204 - 校验成功
2024-11-28 11:49:16 - Logger - INFO - 64/100 - x:112 - 校验失败
2024-11-28 11:49:18 - Logger - INFO - 65/100 - x:91 - 校验成功
2024-11-28 11:49:20 - Logger - INFO - 66/100 - x:91 - 校验失败
2024-11-28 11:49:22 - Logger - INFO - 67/100 - x:130 - 校验成功
2024-11-28 11:49:24 - Logger - INFO - 68/100 - x:52 - 校验成功
2024-11-28 11:49:26 - Logger - INFO - 69/100 - x:181 - 校验成功
2024-11-28 11:49:28 - Logger - INFO - 70/100 - x:194 - 校验成功
2024-11-28 11:49:29 - Logger - INFO - 71/100 - x:75 - 校验失败
2024-11-28 11:49:31 - Logger - INFO - 72/100 - x:62 - 校验失败
2024-11-28 11:49:33 - Logger - INFO - 73/100 - x:98 - 校验成功
2024-11-28 11:49:35 - Logger - INFO - 74/100 - x:62 - 校验失败
2024-11-28 11:49:37 - Logger - INFO - 75/100 - x:134 - 校验失败
2024-11-28 11:49:39 - Logger - INFO - 76/100 - x:47 - 校验失败
2024-11-28 11:49:41 - Logger - INFO - 77/100 - x:152 - 校验成功
2024-11-28 11:49:42 - Logger - INFO - 78/100 - x:59 - 校验成功
2024-11-28 11:49:44 - Logger - INFO - 79/100 - x:67 - 校验成功
2024-11-28 11:49:46 - Logger - INFO - 80/100 - x:139 - 校验成功
2024-11-28 11:49:48 - Logger - INFO - 81/100 - x:182 - 校验成功
2024-11-28 11:49:50 - Logger - INFO - 82/100 - x:55 - 校验成功
2024-11-28 11:49:51 - Logger - INFO - 83/100 - x:59 - 校验成功
2024-11-28 11:49:53 - Logger - INFO - 84/100 - x:62 - 校验成功
2024-11-28 11:49:55 - Logger - INFO - 85/100 - x:108 - 校验成功
2024-11-28 11:49:57 - Logger - INFO - 86/100 - x:142 - 校验成功
2024-11-28 11:49:59 - Logger - INFO - 87/100 - x:159 - 校验成功
2024-11-28 11:50:00 - Logger - INFO - 88/100 - x:160 - 校验成功
2024-11-28 11:50:02 - Logger - INFO - 89/100 - x:139 - 校验失败
2024-11-28 11:50:04 - Logger - INFO - 90/100 - x:205 - 校验成功
2024-11-28 11:50:06 - Logger - INFO - 91/100 - x:117 - 校验成功
2024-11-28 11:50:08 - Logger - INFO - 92/100 - x:92 - 校验失败
2024-11-28 11:50:10 - Logger - INFO - 93/100 - x:123 - 校验失败
2024-11-28 11:50:11 - Logger - INFO - 94/100 - x:98 - 校验成功
2024-11-28 11:50:13 - Logger - INFO - 95/100 - x:54 - 校验失败
2024-11-28 11:50:15 - Logger - INFO - 96/100 - x:179 - 校验成功
2024-11-28 11:50:17 - Logger - INFO - 97/100 - x:199 - 校验失败
2024-11-28 11:50:19 - Logger - INFO - 98/100 - x:81 - 校验成功
2024-11-28 11:50:21 - Logger - INFO - 99/100 - x:156 - 校验成功
2024-11-28 11:50:23 - Logger - INFO - 100/100 - x:105 - 校验失败
2024-11-28 11:51:37 - Logger - INFO - 1/100 - x:100 - 校验成功
2024-11-28 11:51:38 - Logger - INFO - 2/100 - x:50 - 校验失败
2024-11-28 11:51:40 - Logger - INFO - 3/100 - x:135 - 校验成功
2024-11-28 11:51:42 - Logger - INFO - 4/100 - x:77 - 校验成功
2024-11-28 11:51:44 - Logger - INFO - 5/100 - x:198 - 校验成功
2024-11-28 11:51:46 - Logger - INFO - 6/100 - x:112 - 校验失败
2024-11-28 11:51:48 - Logger - INFO - 7/100 - x:213 - 校验成功
2024-11-28 11:51:50 - Logger - INFO - 8/100 - x:48 - 校验成功
2024-11-28 11:51:51 - Logger - INFO - 9/100 - x:184 - 校验成功
2024-11-28 11:51:53 - Logger - INFO - 10/100 - x:168 - 校验成功
2024-11-28 11:51:56 - Logger - INFO - 11/100 - x:94 - 校验失败
2024-11-28 11:51:58 - Logger - INFO - 12/100 - x:211 - 校验成功
2024-11-28 11:52:00 - Logger - INFO - 13/100 - x:85 - 校验失败
2024-11-28 11:52:02 - Logger - INFO - 14/100 - x:77 - 校验失败
2024-11-28 11:52:04 - Logger - INFO - 15/100 - x:163 - 校验成功
2024-11-28 11:52:06 - Logger - INFO - 16/100 - x:98 - 校验成功
2024-11-28 11:52:08 - Logger - INFO - 17/100 - x:126 - 校验成功
2024-11-28 11:52:10 - Logger - INFO - 18/100 - x:168 - 校验成功
2024-11-28 11:52:12 - Logger - INFO - 19/100 - x:157 - 校验成功
2024-11-28 11:52:14 - Logger - INFO - 20/100 - x:60 - 校验失败
2024-11-28 11:52:16 - Logger - INFO - 21/100 - x:73 - 校验失败
2024-11-28 11:52:17 - Logger - INFO - 22/100 - x:58 - 校验成功
2024-11-28 11:52:19 - Logger - INFO - 23/100 - x:176 - 校验成功
2024-11-28 11:52:21 - Logger - INFO - 24/100 - x:213 - 校验成功
2024-11-28 11:52:23 - Logger - INFO - 25/100 - x:78 - 校验失败
2024-11-28 11:52:25 - Logger - INFO - 26/100 - x:90 - 校验失败
2024-11-28 11:52:27 - Logger - INFO - 27/100 - x:81 - 校验成功
2024-11-28 11:52:29 - Logger - INFO - 28/100 - x:64 - 校验成功
2024-11-28 11:52:31 - Logger - INFO - 29/100 - x:104 - 校验成功
2024-11-28 11:52:32 - Logger - INFO - 30/100 - x:204 - 校验成功
2024-11-28 11:52:34 - Logger - INFO - 31/100 - x:178 - 校验成功
2024-11-28 11:52:36 - Logger - INFO - 32/100 - x:184 - 校验成功
2024-11-28 11:52:38 - Logger - INFO - 33/100 - x:81 - 校验失败
2024-11-28 11:52:40 - Logger - INFO - 34/100 - x:116 - 校验成功
2024-11-28 11:52:42 - Logger - INFO - 35/100 - x:135 - 校验成功
2024-11-28 11:52:43 - Logger - INFO - 36/100 - x:51 - 校验成功
2024-11-28 11:52:45 - Logger - INFO - 37/100 - x:195 - 校验成功
2024-11-28 11:52:47 - Logger - INFO - 38/100 - x:157 - 校验成功
2024-11-28 11:52:49 - Logger - INFO - 39/100 - x:178 - 校验成功
2024-11-28 11:52:51 - Logger - INFO - 40/100 - x:121 - 校验成功
2024-11-28 11:52:53 - Logger - INFO - 41/100 - x:192 - 校验成功
2024-11-28 11:52:55 - Logger - INFO - 42/100 - x:184 - 校验成功
2024-11-28 11:52:56 - Logger - INFO - 43/100 - x:185 - 校验成功
2024-11-28 11:52:58 - Logger - INFO - 44/100 - x:68 - 校验失败
2024-11-28 11:53:00 - Logger - INFO - 45/100 - x:215 - 校验成功
2024-11-28 11:53:02 - Logger - INFO - 46/100 - x:74 - 校验失败
2024-11-28 11:53:04 - Logger - INFO - 47/100 - x:209 - 校验成功
2024-11-28 11:53:06 - Logger - INFO - 48/100 - x:114 - 校验成功
2024-11-28 11:53:08 - Logger - INFO - 49/100 - x:162 - 校验成功
2024-11-28 11:53:09 - Logger - INFO - 50/100 - x:91 - 校验失败
2024-11-28 11:53:11 - Logger - INFO - 51/100 - x:160 - 校验成功
2024-11-28 11:53:13 - Logger - INFO - 52/100 - x:130 - 校验成功
2024-11-28 11:53:15 - Logger - INFO - 53/100 - x:123 - 校验成功
2024-11-28 11:53:17 - Logger - INFO - 54/100 - x:49 - 校验成功
2024-11-28 11:53:19 - Logger - INFO - 55/100 - x:94 - 校验成功
2024-11-28 11:53:21 - Logger - INFO - 56/100 - x:210 - 校验成功
2024-11-28 11:53:22 - Logger - INFO - 57/100 - x:213 - 校验成功
2024-11-28 11:53:24 - Logger - INFO - 58/100 - x:178 - 校验成功
2024-11-28 11:53:26 - Logger - INFO - 59/100 - x:125 - 校验成功
2024-11-28 11:53:28 - Logger - INFO - 60/100 - x:166 - 校验成功
2024-11-28 11:53:30 - Logger - INFO - 61/100 - x:100 - 校验成功
2024-11-28 11:53:32 - Logger - INFO - 62/100 - x:80 - 校验失败
2024-11-28 11:53:34 - Logger - INFO - 63/100 - x:48 - 校验成功
2024-11-28 11:53:36 - Logger - INFO - 64/100 - x:118 - 校验成功
2024-11-28 11:53:38 - Logger - INFO - 65/100 - x:180 - 校验成功
2024-11-28 11:53:40 - Logger - INFO - 66/100 - x:74 - 校验成功
2024-11-28 11:53:42 - Logger - INFO - 67/100 - x:182 - 校验成功
2024-11-28 11:53:43 - Logger - INFO - 68/100 - x:87 - 校验成功
2024-11-28 11:53:45 - Logger - INFO - 69/100 - x:65 - 校验成功
2024-11-28 11:53:47 - Logger - INFO - 70/100 - x:186 - 校验成功
2024-11-28 11:53:49 - Logger - INFO - 71/100 - x:148 - 校验成功
2024-11-28 11:53:51 - Logger - INFO - 72/100 - x:174 - 校验失败
2024-11-28 11:53:53 - Logger - INFO - 73/100 - x:69 - 校验成功
2024-11-28 11:53:54 - Logger - INFO - 74/100 - x:174 - 校验成功
2024-11-28 11:53:56 - Logger - INFO - 75/100 - x:49 - 校验失败
2024-11-28 11:53:58 - Logger - INFO - 76/100 - x:85 - 校验失败
2024-11-28 11:54:00 - Logger - INFO - 77/100 - x:157 - 校验成功
2024-11-28 11:54:02 - Logger - INFO - 78/100 - x:196 - 校验成功
2024-11-28 11:54:04 - Logger - INFO - 79/100 - x:201 - 校验成功
2024-11-28 11:54:06 - Logger - INFO - 80/100 - x:215 - 校验成功
2024-11-28 11:54:07 - Logger - INFO - 81/100 - x:117 - 校验成功
2024-11-28 11:54:09 - Logger - INFO - 82/100 - x:112 - 校验成功
2024-11-28 11:54:11 - Logger - INFO - 83/100 - x:151 - 校验成功
2024-11-28 11:54:13 - Logger - INFO - 84/100 - x:99 - 校验成功
2024-11-28 11:54:15 - Logger - INFO - 85/100 - x:206 - 校验成功
2024-11-28 11:54:17 - Logger - INFO - 86/100 - x:108 - 校验成功
2024-11-28 11:54:18 - Logger - INFO - 87/100 - x:214 - 校验成功
2024-11-28 11:54:20 - Logger - INFO - 88/100 - x:210 - 校验成功
2024-11-28 11:54:22 - Logger - INFO - 89/100 - x:108 - 校验失败
2024-11-28 11:54:24 - Logger - INFO - 90/100 - x:74 - 校验成功
2024-11-28 11:54:26 - Logger - INFO - 91/100 - x:54 - 校验成功
2024-11-28 11:54:28 - Logger - INFO - 92/100 - x:204 - 校验成功
2024-11-28 11:54:30 - Logger - INFO - 93/100 - x:207 - 校验成功
2024-11-28 11:54:32 - Logger - INFO - 94/100 - x:142 - 校验成功
2024-11-28 11:54:33 - Logger - INFO - 95/100 - x:115 - 校验成功
2024-11-28 11:54:35 - Logger - INFO - 96/100 - x:204 - 校验成功
2024-11-28 11:54:37 - Logger - INFO - 97/100 - x:174 - 校验成功
2024-11-28 11:54:39 - Logger - INFO - 98/100 - x:134 - 校验失败
2024-11-28 11:54:41 - Logger - INFO - 99/100 - x:50 - 校验成功
2024-11-28 11:54:43 - Logger - INFO - 100/100 - x:102 - 校验失败
2024-11-28 11:55:25 - Logger - INFO - 1/100 - x:67 - 校验失败
2024-11-28 11:55:27 - Logger - INFO - 2/100 - x:128 - 校验成功
2024-11-28 11:55:29 - Logger - INFO - 3/100 - x:114 - 校验成功
2024-11-28 11:55:31 - Logger - INFO - 4/100 - x:106 - 校验成功
2024-11-28 11:55:32 - Logger - INFO - 5/100 - x:86 - 校验成功
2024-11-28 11:55:34 - Logger - INFO - 6/100 - x:157 - 校验成功
2024-11-28 11:55:36 - Logger - INFO - 7/100 - x:114 - 校验成功
2024-11-28 11:55:38 - Logger - INFO - 8/100 - x:182 - 校验成功
2024-11-28 11:55:40 - Logger - INFO - 9/100 - x:216 - 校验失败
2024-11-28 11:55:42 - Logger - INFO - 10/100 - x:163 - 校验成功
2024-11-28 11:55:44 - Logger - INFO - 11/100 - x:139 - 校验成功
2024-11-28 11:55:46 - Logger - INFO - 12/100 - x:206 - 校验成功
2024-11-28 11:55:48 - Logger - INFO - 13/100 - x:75 - 校验成功
2024-11-28 11:55:50 - Logger - INFO - 14/100 - x:120 - 校验成功
2024-11-28 11:55:51 - Logger - INFO - 15/100 - x:197 - 校验成功
2024-11-28 11:55:53 - Logger - INFO - 16/100 - x:63 - 校验成功
2024-11-28 11:55:55 - Logger - INFO - 17/100 - x:159 - 校验成功
2024-11-28 11:55:57 - Logger - INFO - 18/100 - x:103 - 校验失败
2024-11-28 11:55:59 - Logger - INFO - 19/100 - x:122 - 校验成功
2024-11-28 11:56:01 - Logger - INFO - 20/100 - x:187 - 校验成功
2024-11-28 11:56:03 - Logger - INFO - 21/100 - x:84 - 校验失败
2024-11-28 11:56:05 - Logger - INFO - 22/100 - x:69 - 校验成功
2024-11-28 11:56:07 - Logger - INFO - 23/100 - x:146 - 校验成功
2024-11-28 11:56:08 - Logger - INFO - 24/100 - x:160 - 校验成功
2024-11-28 11:56:10 - Logger - INFO - 25/100 - x:177 - 校验成功
2024-11-28 11:56:12 - Logger - INFO - 26/100 - x:64 - 校验成功
2024-11-28 11:56:14 - Logger - INFO - 27/100 - x:198 - 校验成功
2024-11-28 11:56:16 - Logger - INFO - 28/100 - x:176 - 校验成功
2024-11-28 11:56:18 - Logger - INFO - 29/100 - x:124 - 校验失败
2024-11-28 11:56:19 - Logger - INFO - 30/100 - x:73 - 校验成功
2024-11-28 11:56:21 - Logger - INFO - 31/100 - x:156 - 校验失败
2024-11-28 11:56:23 - Logger - INFO - 32/100 - x:100 - 校验成功
2024-11-28 11:56:25 - Logger - INFO - 33/100 - x:191 - 校验成功
2024-11-28 11:56:27 - Logger - INFO - 34/100 - x:77 - 校验失败
2024-11-28 11:56:28 - Logger - INFO - 35/100 - x:51 - 校验成功
2024-11-28 11:56:30 - Logger - INFO - 36/100 - x:98 - 校验成功
2024-11-28 11:56:32 - Logger - INFO - 37/100 - x:57 - 校验成功
2024-11-28 11:56:34 - Logger - INFO - 38/100 - x:77 - 校验失败
2024-11-28 11:56:36 - Logger - INFO - 39/100 - x:125 - 校验成功
2024-11-28 11:56:38 - Logger - INFO - 40/100 - x:195 - 校验成功
2024-11-28 11:56:39 - Logger - INFO - 41/100 - x:193 - 校验成功
2024-11-28 11:56:41 - Logger - INFO - 42/100 - x:147 - 校验成功
2024-11-28 11:56:43 - Logger - INFO - 43/100 - x:128 - 校验成功
2024-11-28 11:56:45 - Logger - INFO - 44/100 - x:187 - 校验成功
2024-11-28 11:56:47 - Logger - INFO - 45/100 - x:58 - 校验成功
2024-11-28 11:56:49 - Logger - INFO - 46/100 - x:73 - 校验成功
2024-11-28 11:56:51 - Logger - INFO - 47/100 - x:201 - 校验成功
2024-11-28 11:56:53 - Logger - INFO - 48/100 - x:198 - 校验成功
2024-11-28 11:56:55 - Logger - INFO - 49/100 - x:133 - 校验成功
2024-11-28 11:56:56 - Logger - INFO - 50/100 - x:93 - 校验成功
2024-11-28 11:56:59 - Logger - INFO - 51/100 - x:195 - 校验成功
2024-11-28 11:57:01 - Logger - INFO - 52/100 - x:173 - 校验成功
2024-11-28 11:57:02 - Logger - INFO - 53/100 - x:217 - 校验成功
2024-11-28 11:57:04 - Logger - INFO - 54/100 - x:200 - 校验成功
2024-11-28 11:57:06 - Logger - INFO - 55/100 - x:150 - 校验成功
2024-11-28 11:57:08 - Logger - INFO - 56/100 - x:93 - 校验成功
2024-11-28 11:57:10 - Logger - INFO - 57/100 - x:154 - 校验成功
2024-11-28 11:57:11 - Logger - INFO - 58/100 - x:100 - 校验成功
2024-11-28 11:57:13 - Logger - INFO - 59/100 - x:183 - 校验成功
2024-11-28 11:57:15 - Logger - INFO - 60/100 - x:198 - 校验成功
2024-11-28 11:57:17 - Logger - INFO - 61/100 - x:76 - 校验成功
2024-11-28 11:57:19 - Logger - INFO - 62/100 - x:135 - 校验成功
2024-11-28 11:57:21 - Logger - INFO - 63/100 - x:93 - 校验失败
2024-11-28 11:57:23 - Logger - INFO - 64/100 - x:103 - 校验成功
2024-11-28 11:57:25 - Logger - INFO - 65/100 - x:156 - 校验成功
2024-11-28 11:57:27 - Logger - INFO - 66/100 - x:166 - 校验成功
2024-11-28 11:57:28 - Logger - INFO - 67/100 - x:128 - 校验成功
2024-11-28 11:57:30 - Logger - INFO - 68/100 - x:198 - 校验成功
2024-11-28 11:57:32 - Logger - INFO - 69/100 - x:161 - 校验失败
2024-11-28 11:57:34 - Logger - INFO - 70/100 - x:113 - 校验成功
2024-11-28 11:57:36 - Logger - INFO - 71/100 - x:82 - 校验成功
2024-11-28 11:57:38 - Logger - INFO - 72/100 - x:162 - 校验成功
2024-11-28 11:57:40 - Logger - INFO - 73/100 - x:199 - 校验成功
2024-11-28 11:57:41 - Logger - INFO - 74/100 - x:122 - 校验成功
2024-11-28 11:57:43 - Logger - INFO - 75/100 - x:208 - 校验成功
2024-11-28 11:57:45 - Logger - INFO - 76/100 - x:179 - 校验成功
2024-11-28 11:57:47 - Logger - INFO - 77/100 - x:92 - 校验失败
2024-11-28 11:57:49 - Logger - INFO - 78/100 - x:81 - 校验成功
2024-11-28 11:57:51 - Logger - INFO - 79/100 - x:89 - 校验成功
2024-11-28 11:57:53 - Logger - INFO - 80/100 - x:69 - 校验失败
2024-11-28 11:57:55 - Logger - INFO - 81/100 - x:210 - 校验成功
2024-11-28 11:57:56 - Logger - INFO - 82/100 - x:198 - 校验成功
2024-11-28 11:57:58 - Logger - INFO - 83/100 - x:48 - 校验失败
2024-11-28 11:58:00 - Logger - INFO - 84/100 - x:89 - 校验失败
2024-11-28 11:58:02 - Logger - INFO - 85/100 - x:84 - 校验成功
2024-11-28 11:58:04 - Logger - INFO - 86/100 - x:165 - 校验失败
2024-11-28 11:58:06 - Logger - INFO - 87/100 - x:215 - 校验成功
2024-11-28 11:58:08 - Logger - INFO - 88/100 - x:172 - 校验成功
2024-11-28 11:58:10 - Logger - INFO - 89/100 - x:53 - 校验失败
2024-11-28 11:58:11 - Logger - INFO - 90/100 - x:209 - 校验成功
2024-11-28 11:58:13 - Logger - INFO - 91/100 - x:169 - 校验成功
2024-11-28 11:58:15 - Logger - INFO - 92/100 - x:190 - 校验成功
2024-11-28 11:58:17 - Logger - INFO - 93/100 - x:104 - 校验成功
2024-11-28 11:58:19 - Logger - INFO - 94/100 - x:54 - 校验成功
2024-11-28 11:58:21 - Logger - INFO - 95/100 - x:189 - 校验成功
2024-11-28 11:58:22 - Logger - INFO - 96/100 - x:125 - 校验成功
2024-11-28 11:58:24 - Logger - INFO - 97/100 - x:106 - 校验成功
2024-11-28 11:58:26 - Logger - INFO - 98/100 - x:207 - 校验失败
2024-11-28 11:58:28 - Logger - INFO - 99/100 - x:145 - 校验成功
2024-11-28 11:58:30 - Logger - INFO - 100/100 - x:126 - 校验成功
2024-11-28 11:58:56 - Logger - INFO - 1/100 - x:98 - 校验成功
2024-11-28 11:58:59 - Logger - INFO - 2/100 - x:157 - 校验成功
2024-11-28 11:59:01 - Logger - INFO - 3/100 - x:120 - 校验成功
2024-11-28 11:59:02 - Logger - INFO - 4/100 - x:175 - 校验成功
2024-11-28 11:59:04 - Logger - INFO - 5/100 - x:83 - 校验成功
2024-11-28 11:59:06 - Logger - INFO - 6/100 - x:139 - 校验成功
2024-11-28 11:59:08 - Logger - INFO - 7/100 - x:207 - 校验成功
2024-11-28 11:59:10 - Logger - INFO - 8/100 - x:95 - 校验成功
2024-11-28 11:59:12 - Logger - INFO - 9/100 - x:96 - 校验失败
2024-11-28 11:59:14 - Logger - INFO - 10/100 - x:208 - 校验成功
2024-11-28 11:59:15 - Logger - INFO - 11/100 - x:73 - 校验成功
2024-11-28 11:59:17 - Logger - INFO - 12/100 - x:185 - 校验成功
2024-11-28 11:59:19 - Logger - INFO - 13/100 - x:97 - 校验成功
2024-11-28 11:59:21 - Logger - INFO - 14/100 - x:96 - 校验失败
2024-11-28 11:59:23 - Logger - INFO - 15/100 - x:47 - 校验失败
2024-11-28 11:59:25 - Logger - INFO - 16/100 - x:99 - 校验成功
2024-11-28 11:59:27 - Logger - INFO - 17/100 - x:174 - 校验失败
2024-11-28 11:59:28 - Logger - INFO - 18/100 - x:73 - 校验失败
2024-11-28 11:59:30 - Logger - INFO - 19/100 - x:59 - 校验成功
2024-11-28 11:59:32 - Logger - INFO - 20/100 - x:189 - 校验成功
2024-11-28 11:59:34 - Logger - INFO - 21/100 - x:106 - 校验成功
2024-11-28 11:59:36 - Logger - INFO - 22/100 - x:171 - 校验成功
2024-11-28 11:59:38 - Logger - INFO - 23/100 - x:197 - 校验成功
2024-11-28 11:59:40 - Logger - INFO - 24/100 - x:53 - 校验成功
2024-11-28 11:59:42 - Logger - INFO - 25/100 - x:77 - 校验成功
2024-11-28 11:59:44 - Logger - INFO - 26/100 - x:187 - 校验成功
2024-11-28 11:59:46 - Logger - INFO - 27/100 - x:121 - 校验失败
2024-11-28 11:59:48 - Logger - INFO - 28/100 - x:131 - 校验成功
2024-11-28 11:59:50 - Logger - INFO - 29/100 - x:148 - 校验成功
2024-11-28 11:59:52 - Logger - INFO - 30/100 - x:113 - 校验成功
2024-11-28 11:59:53 - Logger - INFO - 31/100 - x:98 - 校验成功
2024-11-28 11:59:56 - Logger - INFO - 32/100 - x:99 - 校验成功
2024-11-28 11:59:58 - Logger - INFO - 33/100 - x:117 - 校验失败
2024-11-28 12:00:00 - Logger - INFO - 34/100 - x:158 - 校验成功
2024-11-28 12:00:02 - Logger - INFO - 35/100 - x:110 - 校验失败
2024-11-28 12:00:04 - Logger - INFO - 36/100 - x:199 - 校验成功
2024-11-28 12:00:06 - Logger - INFO - 37/100 - x:110 - 校验成功
2024-11-28 12:00:08 - Logger - INFO - 38/100 - x:212 - 校验成功
2024-11-28 12:00:09 - Logger - INFO - 39/100 - x:204 - 校验成功
2024-11-28 12:00:11 - Logger - INFO - 40/100 - x:92 - 校验成功
2024-11-28 12:00:13 - Logger - INFO - 41/100 - x:123 - 校验成功
2024-11-28 12:00:15 - Logger - INFO - 42/100 - x:169 - 校验成功
2024-11-28 12:00:17 - Logger - INFO - 43/100 - x:204 - 校验成功
2024-11-28 12:00:19 - Logger - INFO - 44/100 - x:101 - 校验成功
2024-11-28 12:00:21 - Logger - INFO - 45/100 - x:82 - 校验成功
2024-11-28 12:00:23 - Logger - INFO - 46/100 - x:70 - 校验失败
2024-11-28 12:00:25 - Logger - INFO - 47/100 - x:93 - 校验成功
2024-11-28 12:00:26 - Logger - INFO - 48/100 - x:80 - 校验失败
2024-11-28 12:00:28 - Logger - INFO - 49/100 - x:174 - 校验成功
2024-11-28 12:00:30 - Logger - INFO - 50/100 - x:76 - 校验成功
2024-11-28 12:00:32 - Logger - INFO - 51/100 - x:169 - 校验成功
2024-11-28 12:00:34 - Logger - INFO - 52/100 - x:50 - 校验成功
2024-11-28 12:00:36 - Logger - INFO - 53/100 - x:200 - 校验成功
2024-11-28 12:00:38 - Logger - INFO - 54/100 - x:112 - 校验成功
2024-11-28 12:00:40 - Logger - INFO - 55/100 - x:174 - 校验成功
2024-11-28 12:00:41 - Logger - INFO - 56/100 - x:217 - 校验成功
2024-11-28 12:00:43 - Logger - INFO - 57/100 - x:145 - 校验失败
2024-11-28 12:00:45 - Logger - INFO - 58/100 - x:49 - 校验成功
2024-11-28 12:00:47 - Logger - INFO - 59/100 - x:128 - 校验成功
2024-11-28 12:00:49 - Logger - INFO - 60/100 - x:78 - 校验成功
2024-11-28 12:00:51 - Logger - INFO - 61/100 - x:146 - 校验失败
2024-11-28 12:00:53 - Logger - INFO - 62/100 - x:120 - 校验失败
2024-11-28 12:00:55 - Logger - INFO - 63/100 - x:74 - 校验失败
2024-11-28 12:00:57 - Logger - INFO - 64/100 - x:64 - 校验成功
2024-11-28 12:00:59 - Logger - INFO - 65/100 - x:189 - 校验成功
2024-11-28 12:01:01 - Logger - INFO - 66/100 - x:118 - 校验成功
2024-11-28 12:01:03 - Logger - INFO - 67/100 - x:75 - 校验成功
2024-11-28 12:01:05 - Logger - INFO - 68/100 - x:183 - 校验成功
2024-11-28 12:01:07 - Logger - INFO - 69/100 - x:80 - 校验失败
2024-11-28 12:01:08 - Logger - INFO - 70/100 - x:154 - 校验成功
2024-11-28 12:01:10 - Logger - INFO - 71/100 - x:108 - 校验失败
2024-11-28 12:01:12 - Logger - INFO - 72/100 - x:216 - 校验成功
2024-11-28 12:01:14 - Logger - INFO - 73/100 - x:61 - 校验成功
2024-11-28 12:01:16 - Logger - INFO - 74/100 - x:172 - 校验成功
2024-11-28 12:01:18 - Logger - INFO - 75/100 - x:54 - 校验失败
2024-11-28 12:01:20 - Logger - INFO - 76/100 - x:137 - 校验成功
2024-11-28 12:01:22 - Logger - INFO - 77/100 - x:82 - 校验失败
2024-11-28 12:01:24 - Logger - INFO - 78/100 - x:47 - 校验失败
2024-11-28 12:01:26 - Logger - INFO - 79/100 - x:92 - 校验成功
2024-11-28 12:01:28 - Logger - INFO - 80/100 - x:88 - 校验成功
2024-11-28 12:01:30 - Logger - INFO - 81/100 - x:80 - 校验成功
2024-11-28 12:01:32 - Logger - INFO - 82/100 - x:118 - 校验成功
2024-11-28 12:01:34 - Logger - INFO - 83/100 - x:163 - 校验成功
2024-11-28 12:01:36 - Logger - INFO - 84/100 - x:128 - 校验成功
2024-11-28 12:01:38 - Logger - INFO - 85/100 - x:111 - 校验失败
2024-11-28 12:01:40 - Logger - INFO - 86/100 - x:114 - 校验成功
2024-11-28 12:01:42 - Logger - INFO - 87/100 - x:142 - 校验成功
2024-11-28 12:01:44 - Logger - INFO - 88/100 - x:104 - 校验成功
2024-11-28 12:01:46 - Logger - INFO - 89/100 - x:192 - 校验成功
2024-11-28 12:01:47 - Logger - INFO - 90/100 - x:151 - 校验成功
2024-11-28 12:01:49 - Logger - INFO - 91/100 - x:142 - 校验成功
2024-11-28 12:01:51 - Logger - INFO - 92/100 - x:82 - 校验成功
2024-11-28 12:01:54 - Logger - INFO - 93/100 - x:62 - 校验成功
2024-11-28 12:01:56 - Logger - INFO - 94/100 - x:117 - 校验成功
2024-11-28 12:01:58 - Logger - INFO - 95/100 - x:169 - 校验成功
2024-11-28 12:46:32 - Logger - INFO - 1/100 - x:115 - 校验成功
2024-11-28 12:46:33 - Logger - INFO - 2/100 - x:174 - 校验成功
2024-11-28 12:46:35 - Logger - INFO - 3/100 - x:120 - 校验成功
2024-11-28 12:46:37 - Logger - INFO - 4/100 - x:117 - 校验成功
2024-11-28 12:46:39 - Logger - INFO - 5/100 - x:61 - 校验成功
2024-11-28 12:46:40 - Logger - INFO - 6/100 - x:109 - 校验成功
2024-11-28 12:46:42 - Logger - INFO - 7/100 - x:66 - 校验成功
2024-11-28 12:46:44 - Logger - INFO - 8/100 - x:172 - 校验成功
2024-11-28 12:46:46 - Logger - INFO - 9/100 - x:147 - 校验失败
2024-11-28 12:46:47 - Logger - INFO - 10/100 - x:183 - 校验成功
2024-11-28 12:46:49 - Logger - INFO - 11/100 - x:48 - 校验成功
2024-11-28 12:46:51 - Logger - INFO - 12/100 - x:59 - 校验成功
2024-11-28 12:46:53 - Logger - INFO - 13/100 - x:203 - 校验成功
2024-11-28 12:46:54 - Logger - INFO - 14/100 - x:95 - 校验成功
2024-11-28 12:46:56 - Logger - INFO - 15/100 - x:115 - 校验失败
2024-11-28 12:46:58 - Logger - INFO - 16/100 - x:55 - 校验失败
2024-11-28 12:47:00 - Logger - INFO - 17/100 - x:186 - 校验成功
2024-11-28 12:47:02 - Logger - INFO - 18/100 - x:150 - 校验成功
2024-11-28 12:47:03 - Logger - INFO - 19/100 - x:73 - 校验成功
2024-11-28 12:47:05 - Logger - INFO - 20/100 - x:74 - 校验失败
2024-11-28 12:47:07 - Logger - INFO - 21/100 - x:84 - 校验失败
2024-11-28 12:47:09 - Logger - INFO - 22/100 - x:85 - 校验成功
2024-11-28 12:47:11 - Logger - INFO - 23/100 - x:95 - 校验成功
2024-11-28 12:47:12 - Logger - INFO - 24/100 - x:120 - 校验成功
2024-11-28 12:47:14 - Logger - INFO - 25/100 - x:186 - 校验成功
2024-11-28 12:47:16 - Logger - INFO - 26/100 - x:169 - 校验失败
2024-11-28 12:47:18 - Logger - INFO - 27/100 - x:188 - 校验成功
2024-11-28 12:47:20 - Logger - INFO - 28/100 - x:120 - 校验成功
2024-11-28 12:47:22 - Logger - INFO - 29/100 - x:207 - 校验成功
2024-11-28 12:47:23 - Logger - INFO - 30/100 - x:131 - 校验成功
2024-11-28 12:47:25 - Logger - INFO - 31/100 - x:93 - 校验成功
2024-11-28 12:47:27 - Logger - INFO - 32/100 - x:178 - 校验成功
2024-11-28 12:47:28 - Logger - INFO - 33/100 - x:98 - 校验成功
2024-11-28 12:47:30 - Logger - INFO - 34/100 - x:145 - 校验成功
2024-11-28 12:47:32 - Logger - INFO - 35/100 - x:57 - 校验成功
2024-11-28 12:47:34 - Logger - INFO - 36/100 - x:98 - 校验成功
2024-11-28 12:47:36 - Logger - INFO - 37/100 - x:198 - 校验成功
2024-11-28 12:47:38 - Logger - INFO - 38/100 - x:170 - 校验成功
2024-11-28 12:47:39 - Logger - INFO - 39/100 - x:142 - 校验成功
2024-11-28 12:47:41 - Logger - INFO - 40/100 - x:117 - 校验成功
2024-11-28 12:47:43 - Logger - INFO - 41/100 - x:143 - 校验成功
2024-11-28 12:47:45 - Logger - INFO - 42/100 - x:128 - 校验成功
2024-11-28 12:47:47 - Logger - INFO - 43/100 - x:76 - 校验成功
2024-11-28 12:47:48 - Logger - INFO - 44/100 - x:189 - 校验成功
2024-11-28 12:47:50 - Logger - INFO - 45/100 - x:55 - 校验成功
2024-11-28 12:47:52 - Logger - INFO - 46/100 - x:154 - 校验成功
2024-11-28 12:47:54 - Logger - INFO - 47/100 - x:104 - 校验成功
2024-11-28 12:47:56 - Logger - INFO - 48/100 - x:185 - 校验成功
2024-11-28 12:47:57 - Logger - INFO - 49/100 - x:200 - 校验成功
2024-11-28 12:47:59 - Logger - INFO - 50/100 - x:146 - 校验成功
2024-11-28 12:48:01 - Logger - INFO - 51/100 - x:89 - 校验成功
2024-11-28 12:48:03 - Logger - INFO - 52/100 - x:193 - 校验成功
2024-11-28 12:48:05 - Logger - INFO - 53/100 - x:48 - 校验失败
2024-11-28 12:48:07 - Logger - INFO - 54/100 - x:133 - 校验失败
2024-11-28 12:48:08 - Logger - INFO - 55/100 - x:138 - 校验失败
2024-11-28 12:48:10 - Logger - INFO - 56/100 - x:175 - 校验成功
2024-11-28 12:48:12 - Logger - INFO - 57/100 - x:104 - 校验成功
2024-11-28 12:48:14 - Logger - INFO - 58/100 - x:84 - 校验成功
2024-11-28 12:48:15 - Logger - INFO - 59/100 - x:113 - 校验成功
2024-11-28 12:48:17 - Logger - INFO - 60/100 - x:106 - 校验成功
2024-11-28 12:48:19 - Logger - INFO - 61/100 - x:137 - 校验成功
2024-11-28 12:48:21 - Logger - INFO - 62/100 - x:189 - 校验成功
2024-11-28 12:48:22 - Logger - INFO - 63/100 - x:113 - 校验成功
2024-11-28 12:48:24 - Logger - INFO - 64/100 - x:176 - 校验成功
2024-11-28 12:48:26 - Logger - INFO - 65/100 - x:128 - 校验失败
2024-11-28 12:48:28 - Logger - INFO - 66/100 - x:135 - 校验成功
2024-11-28 12:48:30 - Logger - INFO - 67/100 - x:131 - 校验成功
2024-11-28 12:48:32 - Logger - INFO - 68/100 - x:107 - 校验成功
2024-11-28 12:48:34 - Logger - INFO - 69/100 - x:113 - 校验成功
2024-11-28 12:48:37 - Logger - INFO - 70/100 - x:163 - 校验成功
2024-11-28 12:48:39 - Logger - INFO - 71/100 - x:91 - 校验成功
2024-11-28 12:48:41 - Logger - INFO - 72/100 - x:94 - 校验成功
2024-11-28 12:48:43 - Logger - INFO - 73/100 - x:74 - 校验失败
2024-11-28 12:48:45 - Logger - INFO - 74/100 - x:51 - 校验失败
2024-11-28 12:48:47 - Logger - INFO - 75/100 - x:78 - 校验失败
2024-11-28 12:48:49 - Logger - INFO - 76/100 - x:95 - 校验成功
2024-11-28 12:48:51 - Logger - INFO - 77/100 - x:179 - 校验成功
2024-11-28 12:48:53 - Logger - INFO - 78/100 - x:136 - 校验成功
2024-11-28 12:48:55 - Logger - INFO - 79/100 - x:111 - 校验成功
2024-11-28 12:48:56 - Logger - INFO - 80/100 - x:186 - 校验失败
2024-11-28 12:48:58 - Logger - INFO - 81/100 - x:96 - 校验成功
2024-11-28 12:49:00 - Logger - INFO - 82/100 - x:204 - 校验成功
2024-11-28 12:49:02 - Logger - INFO - 83/100 - x:118 - 校验成功
2024-11-28 12:49:04 - Logger - INFO - 84/100 - x:159 - 校验失败
2024-11-28 12:49:06 - Logger - INFO - 85/100 - x:179 - 校验成功
2024-11-28 12:49:09 - Logger - INFO - 86/100 - x:203 - 校验成功
2024-11-28 12:49:11 - Logger - INFO - 87/100 - x:83 - 校验成功
2024-11-28 12:49:13 - Logger - INFO - 88/100 - x:112 - 校验成功
2024-11-28 12:49:15 - Logger - INFO - 89/100 - x:191 - 校验成功
2024-11-28 12:49:16 - Logger - INFO - 90/100 - x:191 - 校验成功
2024-11-28 12:49:18 - Logger - INFO - 91/100 - x:191 - 校验成功
2024-11-28 12:49:20 - Logger - INFO - 92/100 - x:93 - 校验失败
2024-11-28 12:49:22 - Logger - INFO - 93/100 - x:169 - 校验成功
2024-11-28 12:49:24 - Logger - INFO - 94/100 - x:152 - 校验成功
2024-11-28 12:49:26 - Logger - INFO - 95/100 - x:154 - 校验成功
2024-11-28 12:49:28 - Logger - INFO - 96/100 - x:167 - 校验成功
2024-11-28 12:49:30 - Logger - INFO - 97/100 - x:90 - 校验失败
2024-11-28 12:49:32 - Logger - INFO - 98/100 - x:164 - 校验成功
2024-11-28 12:49:33 - Logger - INFO - 99/100 - x:91 - 校验失败
2024-11-28 12:49:35 - Logger - INFO - 100/100 - x:209 - 校验成功
2024-11-28 14:32:16 - Logger - INFO - 1/1 - x:57 - 校验失败
2024-11-28 14:32:26 - Logger - INFO - 1/10 - x:141 - 校验成功
2024-11-28 14:32:28 - Logger - INFO - 2/10 - x:165 - 校验成功
2024-11-28 14:32:30 - Logger - INFO - 3/10 - x:215 - 校验成功
2024-11-28 14:32:32 - Logger - INFO - 4/10 - x:101 - 校验成功
2024-11-28 14:32:34 - Logger - INFO - 5/10 - x:74 - 校验成功
2024-11-28 14:32:36 - Logger - INFO - 6/10 - x:183 - 校验成功
2024-11-28 14:32:38 - Logger - INFO - 7/10 - x:201 - 校验成功
2024-11-28 14:32:40 - Logger - INFO - 8/10 - x:204 - 校验成功
2024-11-28 14:32:42 - Logger - INFO - 9/10 - x:147 - 校验成功
2024-11-28 14:32:44 - Logger - INFO - 10/10 - x:150 - 校验成功
2024-11-28 14:44:08 - Logger - INFO - 1/3 - x:132 - 请求失败，请重试
2024-11-28 14:44:10 - Logger - INFO - 2/3 - x:192 - 请求失败，请重试
2024-11-28 14:44:12 - Logger - INFO - 3/3 - x:136 - 请求失败，请重试
2024-11-28 14:49:02 - Logger - INFO - 1/3 - x:215 - 请求失败，请重试
2024-11-28 14:49:03 - Logger - INFO - 2/3 - x:192 - 请求失败，请重试
2024-11-28 14:49:05 - Logger - INFO - 3/3 - x:135 - 请求失败，请重试
2024-12-02 10:15:34 - Logger - INFO - 1/3 - x:113 - 请求失败，请重试
2024-12-02 10:15:35 - Logger - INFO - 2/3 - x:155 - 请求失败，请重试
2024-12-02 10:15:37 - Logger - INFO - 3/3 - x:110 - 请求失败，请重试
